{
  "stats": {
    "suites": 107,
    "tests": 90,
    "passes": 90,
    "pending": 0,
    "failures": 0,
    "start": "2023-07-16T10:33:26.106Z",
    "end": "2023-07-16T10:33:43.677Z",
    "duration": 17571,
    "testsRegistered": 90,
    "passPercent": 100,
    "pendingPercent": 0,
    "other": 0,
    "hasOther": false,
    "skipped": 0,
    "hasSkipped": false
  },
  "results": [
    {
      "uuid": "ae8143e0-b672-4e63-92aa-c6a42c615faf",
      "title": "",
      "fullFile": "",
      "file": "",
      "beforeHooks": [],
      "afterHooks": [],
      "tests": [],
      "suites": [
        {
          "uuid": "6c1bfe88-3fc5-41a5-ae1a-4aa8178571e5",
          "title": "auth system",
          "fullFile": "D:\\Historium Projects\\main branch\\api\\test\\auth-test.js",
          "file": "\\test\\auth-test.js",
          "beforeHooks": [
            {
              "title": "\"before all\" hook in \"auth system\"",
              "fullTitle": "auth system \"before all\" hook in \"auth system\"",
              "timedOut": false,
              "duration": 28,
              "state": null,
              "speed": null,
              "pass": false,
              "fail": false,
              "pending": false,
              "context": null,
              "code": "await mongoose\n\t.connect(process.env.TEST_CONNECTION_STRING)\n\t.catch(err => {\n\t\tconsole.log(`Failed to connect to database: ${err.message}`);\n\t});",
              "err": {},
              "uuid": "ac1d353d-65c3-4a98-b1cf-b7ae3bad3201",
              "parentUUID": "6c1bfe88-3fc5-41a5-ae1a-4aa8178571e5",
              "isHook": true,
              "skipped": false
            }
          ],
          "afterHooks": [
            {
              "title": "\"after all\" hook in \"auth system\"",
              "fullTitle": "auth system \"after all\" hook in \"auth system\"",
              "timedOut": false,
              "duration": 14,
              "state": null,
              "speed": null,
              "pass": false,
              "fail": false,
              "pending": false,
              "context": null,
              "code": "await mongoose.connection.collection('users').deleteMany();\nawait mongoose.connection.collection('carts').deleteMany();\nawait mongoose.connection.close();",
              "err": {},
              "uuid": "7454c9ef-48a0-4a58-8b3d-9c5b165ec5e4",
              "parentUUID": "6c1bfe88-3fc5-41a5-ae1a-4aa8178571e5",
              "isHook": true,
              "skipped": false
            }
          ],
          "tests": [],
          "suites": [
            {
              "uuid": "33be64df-2d0c-4c33-8886-ebe93fb78365",
              "title": " \"/signup\" Create new user ",
              "fullFile": "D:\\Historium Projects\\main branch\\api\\test\\auth-test.js",
              "file": "\\test\\auth-test.js",
              "beforeHooks": [],
              "afterHooks": [],
              "tests": [
                {
                  "title": "The data should be validated and the body of the created user should be returned",
                  "fullTitle": "auth system  \"/signup\" Create new user  The data should be validated and the body of the created user should be returned",
                  "timedOut": false,
                  "duration": 320,
                  "state": "passed",
                  "speed": "slow",
                  "pass": true,
                  "fail": false,
                  "pending": false,
                  "context": null,
                  "code": "const expectedFields = [\n\t'firstName',\n\t'lastName',\n\t'phoneNumber',\n\t'email',\n\t'role',\n\t'reviews',\n\t'_id',\n\t'createdAt',\n\t'updatedAt',\n\t'history',\n\t'wishlist',\n\t'waitlist'\n];\nawait request(app)\n\t.post('/signup')\n\t.send(adminUser)\n\t.then(async response => {\n\t\texpect(response.status).to.equal(201);\n\t\texpect(response.header['content-type']).to.include(\n\t\t\t'application/json'\n\t\t);\n\t\texpect(response.body).to.include.keys(...expectedFields);\n\t});",
                  "err": {},
                  "uuid": "cf6a5ddf-8fa7-4e98-b25c-6d724478ea3a",
                  "parentUUID": "33be64df-2d0c-4c33-8886-ebe93fb78365",
                  "isHook": false,
                  "skipped": false
                }
              ],
              "suites": [],
              "passes": [
                "cf6a5ddf-8fa7-4e98-b25c-6d724478ea3a"
              ],
              "failures": [],
              "pending": [],
              "skipped": [],
              "duration": 320,
              "root": false,
              "rootEmpty": false,
              "_timeout": 2000
            },
            {
              "uuid": "6980da33-a0e3-4219-9228-d486449f5d37",
              "title": " \"/login\" Login existing user ",
              "fullFile": "D:\\Historium Projects\\main branch\\api\\test\\auth-test.js",
              "file": "\\test\\auth-test.js",
              "beforeHooks": [],
              "afterHooks": [],
              "tests": [
                {
                  "title": "The password and login are correct, the token is returned",
                  "fullTitle": "auth system  \"/login\" Login existing user  The password and login are correct, the token is returned",
                  "timedOut": false,
                  "duration": 251,
                  "state": "passed",
                  "speed": "slow",
                  "pass": true,
                  "fail": false,
                  "pending": false,
                  "context": null,
                  "code": "const inputData = {\n\tlogin: adminUser.email,\n\tpassword: adminUser.password\n};\nawait request(app)\n\t.post('/login')\n\t.send(inputData)\n\t.then(response => {\n\t\texpect(response.status).to.equal(200);\n\t\texpect(response.header['content-type']).to.include(\n\t\t\t'application/json'\n\t\t);\n\t\texpect(response.body).to.include.keys('token');\n\t});",
                  "err": {},
                  "uuid": "3bb0d681-3930-4640-b6c7-a49aa67191b0",
                  "parentUUID": "6980da33-a0e3-4219-9228-d486449f5d37",
                  "isHook": false,
                  "skipped": false
                }
              ],
              "suites": [],
              "passes": [
                "3bb0d681-3930-4640-b6c7-a49aa67191b0"
              ],
              "failures": [],
              "pending": [],
              "skipped": [],
              "duration": 251,
              "root": false,
              "rootEmpty": false,
              "_timeout": 2000
            }
          ],
          "passes": [],
          "failures": [],
          "pending": [],
          "skipped": [],
          "duration": 0,
          "root": false,
          "rootEmpty": false,
          "_timeout": 2000
        },
        {
          "uuid": "62cf29b9-2024-49d0-acee-23ad71d8e210",
          "title": " author system ",
          "fullFile": "D:\\Historium Projects\\main branch\\api\\test\\author-test.js",
          "file": "\\test\\author-test.js",
          "beforeHooks": [
            {
              "title": "\"before all\" hook in \" author system \"",
              "fullTitle": " author system  \"before all\" hook in \" author system \"",
              "timedOut": false,
              "duration": 529,
              "state": null,
              "speed": null,
              "pass": false,
              "fail": false,
              "pending": false,
              "context": null,
              "code": "await mongoose\n\t.connect(process.env.TEST_CONNECTION_STRING)\n\t.catch(err => {\n\t\tconsole.log(`Failed to connect to database: ${err.message}`);\n\t});\n//#region add admin user to db and take token\nawait request(app).post('/signup').send(adminUser);\nawait mongoose.connection\n\t.collection('users')\n\t.updateOne(\n\t\t{ email: adminUser.email },\n\t\t{ $set: { role: 'admin' } }\n\t);\nconst userData = {\n\tlogin: adminUser.email,\n\tpassword: adminUser.password\n};\nuserToken += (await request(app).post('/login').send(userData))\n\t.body.token;\n//#endregion",
              "err": {},
              "uuid": "703a4691-210c-4186-9f08-e4df311ab473",
              "parentUUID": "62cf29b9-2024-49d0-acee-23ad71d8e210",
              "isHook": true,
              "skipped": false
            }
          ],
          "afterHooks": [
            {
              "title": "\"after all\" hook in \" author system \"",
              "fullTitle": " author system  \"after all\" hook in \" author system \"",
              "timedOut": false,
              "duration": 11,
              "state": null,
              "speed": null,
              "pass": false,
              "fail": false,
              "pending": false,
              "context": null,
              "code": "await mongoose.connection.collection('authors').deleteMany();\nawait mongoose.connection.collection('users').deleteMany();\nawait mongoose.connection.collection('carts').deleteMany();\nawait mongoose.connection.close();",
              "err": {},
              "uuid": "a9c7c5e1-21c8-405e-ab2e-fbf78f316407",
              "parentUUID": "62cf29b9-2024-49d0-acee-23ad71d8e210",
              "isHook": true,
              "skipped": false
            }
          ],
          "tests": [],
          "suites": [
            {
              "uuid": "bb2af094-e1ac-49f6-af28-73ef6fcb896a",
              "title": " POST \"/author/\" Create new author ",
              "fullFile": "D:\\Historium Projects\\main branch\\api\\test\\author-test.js",
              "file": "\\test\\author-test.js",
              "beforeHooks": [],
              "afterHooks": [],
              "tests": [
                {
                  "title": " Shoud create new author in database ",
                  "fullTitle": " author system   POST \"/author/\" Create new author   Shoud create new author in database ",
                  "timedOut": false,
                  "duration": 14,
                  "state": "passed",
                  "speed": "fast",
                  "pass": true,
                  "fail": false,
                  "pending": false,
                  "context": null,
                  "code": "const newAuthor = {\n\tfullName: 'John Smith',\n\tbiography:\n\t\t'Lorem ipsum dolor sit amet, consectetur adipiscing elit.',\n\tbooks: [],\n\tpictures: ['picture1.jpg', 'picture2.jpg']\n};\nconst expectedFields = [\n\t'fullName',\n\t'biography',\n\t'books',\n\t'_id',\n\t'pictures',\n\t'createdAt',\n\t'updatedAt'\n];\nawait request(app)\n\t.post('/author/')\n\t.set('Authorization', userToken)\n\t.send(newAuthor)\n\t.then(response => {\n\t\texpect(response.status).to.equal(201);\n\t\texpect(response.header['content-type']).to.include(\n\t\t\t'application/json'\n\t\t);\n\t\texpect(response.body).to.include.keys(...expectedFields);\n\t\tauthorId = response.body._id;\n\t});",
                  "err": {},
                  "uuid": "e4ff4bb4-ebcd-4f32-9c81-e3893a81f9cc",
                  "parentUUID": "bb2af094-e1ac-49f6-af28-73ef6fcb896a",
                  "isHook": false,
                  "skipped": false
                }
              ],
              "suites": [],
              "passes": [
                "e4ff4bb4-ebcd-4f32-9c81-e3893a81f9cc"
              ],
              "failures": [],
              "pending": [],
              "skipped": [],
              "duration": 14,
              "root": false,
              "rootEmpty": false,
              "_timeout": 2000
            },
            {
              "uuid": "36df982a-4870-4599-8e3c-488b01ff4672",
              "title": " GET \"/author/\" Get all authors ",
              "fullFile": "D:\\Historium Projects\\main branch\\api\\test\\author-test.js",
              "file": "\\test\\author-test.js",
              "beforeHooks": [],
              "afterHooks": [],
              "tests": [
                {
                  "title": " Should return all authors ",
                  "fullTitle": " author system   GET \"/author/\" Get all authors   Should return all authors ",
                  "timedOut": false,
                  "duration": 8,
                  "state": "passed",
                  "speed": "fast",
                  "pass": true,
                  "fail": false,
                  "pending": false,
                  "context": null,
                  "code": "await request(app)\n\t.get('/author/')\n\t.set('Authorization', userToken)\n\t.then(response => {\n\t\texpect(response.status).to.equal(200);\n\t\texpect(response.header['content-type']).to.include(\n\t\t\t'application/json'\n\t\t);\n\t\texpect(response.body).to.be.an('array');\n\t});",
                  "err": {},
                  "uuid": "a1fb4120-26d5-460a-b8a9-b27115f41630",
                  "parentUUID": "36df982a-4870-4599-8e3c-488b01ff4672",
                  "isHook": false,
                  "skipped": false
                }
              ],
              "suites": [],
              "passes": [
                "a1fb4120-26d5-460a-b8a9-b27115f41630"
              ],
              "failures": [],
              "pending": [],
              "skipped": [],
              "duration": 8,
              "root": false,
              "rootEmpty": false,
              "_timeout": 2000
            },
            {
              "uuid": "4ee6a59e-33f5-4e47-82d2-f55e8e5f2acb",
              "title": " GET \"/author/:id\" Get one author ",
              "fullFile": "D:\\Historium Projects\\main branch\\api\\test\\author-test.js",
              "file": "\\test\\author-test.js",
              "beforeHooks": [],
              "afterHooks": [],
              "tests": [
                {
                  "title": " Should return one author by id ",
                  "fullTitle": " author system   GET \"/author/:id\" Get one author   Should return one author by id ",
                  "timedOut": false,
                  "duration": 9,
                  "state": "passed",
                  "speed": "fast",
                  "pass": true,
                  "fail": false,
                  "pending": false,
                  "context": null,
                  "code": "const expectedFields = [\n\t'fullName',\n\t'biography',\n\t'books',\n\t'_id',\n\t'pictures',\n\t'createdAt',\n\t'updatedAt'\n];\nawait request(app)\n\t.get(`/author/${authorId}`)\n\t.set('Authorization', userToken)\n\t.then(response => {\n\t\texpect(response.status).to.equal(200);\n\t\texpect(response.header['content-type']).to.include(\n\t\t\t'application/json'\n\t\t);\n\t\texpect(response.body).to.include.keys(...expectedFields);\n\t});",
                  "err": {},
                  "uuid": "a77603d0-25a4-4551-826d-8fb924062a30",
                  "parentUUID": "4ee6a59e-33f5-4e47-82d2-f55e8e5f2acb",
                  "isHook": false,
                  "skipped": false
                }
              ],
              "suites": [],
              "passes": [
                "a77603d0-25a4-4551-826d-8fb924062a30"
              ],
              "failures": [],
              "pending": [],
              "skipped": [],
              "duration": 9,
              "root": false,
              "rootEmpty": false,
              "_timeout": 2000
            },
            {
              "uuid": "bcec0358-ea47-4799-b639-d0e00ebabf21",
              "title": " PATCH \"/author/:id\" Update one existing author ",
              "fullFile": "D:\\Historium Projects\\main branch\\api\\test\\author-test.js",
              "file": "\\test\\author-test.js",
              "beforeHooks": [],
              "afterHooks": [],
              "tests": [
                {
                  "title": " Should return one author with updated data ",
                  "fullTitle": " author system   PATCH \"/author/:id\" Update one existing author   Should return one author with updated data ",
                  "timedOut": false,
                  "duration": 17,
                  "state": "passed",
                  "speed": "fast",
                  "pass": true,
                  "fail": false,
                  "pending": false,
                  "context": null,
                  "code": "const updatedAuthorData = {\n\tfullName: \"Ім'ян Прізвиськов\",\n\tpictures: ['url-to-new-picture', 'url-to-another-new-picture']\n};\nawait request(app)\n\t.patch(`/author/${authorId}`)\n\t.set('Authorization', userToken)\n\t.send(updatedAuthorData)\n\t.then(response => {\n\t\texpect(response.status).to.equal(200);\n\t\texpect(response.header['content-type']).to.include(\n\t\t\t'application/json'\n\t\t);\n\t\texpect(response.body.fullName).to.equal(\n\t\t\t\"Ім'ян Прізвиськов\"\n\t\t);\n\t\texpect(response.body.pictures).to.includes(\n\t\t\t'url-to-new-picture',\n\t\t\t'url-to-another-new-picture'\n\t\t);\n\t});",
                  "err": {},
                  "uuid": "ff2748a1-5963-4d43-ab37-8cd391040f92",
                  "parentUUID": "bcec0358-ea47-4799-b639-d0e00ebabf21",
                  "isHook": false,
                  "skipped": false
                }
              ],
              "suites": [],
              "passes": [
                "ff2748a1-5963-4d43-ab37-8cd391040f92"
              ],
              "failures": [],
              "pending": [],
              "skipped": [],
              "duration": 17,
              "root": false,
              "rootEmpty": false,
              "_timeout": 2000
            },
            {
              "uuid": "df5219e6-e7ba-464f-a2d4-e6c88bbee5df",
              "title": " DELETE \"/author/:id\" Delete one author ",
              "fullFile": "D:\\Historium Projects\\main branch\\api\\test\\author-test.js",
              "file": "\\test\\author-test.js",
              "beforeHooks": [],
              "afterHooks": [],
              "tests": [
                {
                  "title": " Should mark author as deleted via the \"deletedAt\" field, but not delete. ",
                  "fullTitle": " author system   DELETE \"/author/:id\" Delete one author   Should mark author as deleted via the \"deletedAt\" field, but not delete. ",
                  "timedOut": false,
                  "duration": 16,
                  "state": "passed",
                  "speed": "fast",
                  "pass": true,
                  "fail": false,
                  "pending": false,
                  "context": null,
                  "code": "await request(app)\n\t.delete(`/author/${authorId}`)\n\t.set('Authorization', userToken)\n\t.then(async response => {\n\t\texpect(response.status).to.be.equal(204);\n\t\tconst author = await mongoose.connection\n\t\t\t.collection('authors')\n\t\t\t.findOne({});\n\t\texpect(author.deletedAt).to.not.be.null;\n\t});",
                  "err": {},
                  "uuid": "7c3d5944-0c12-4171-a2cb-9255e077c403",
                  "parentUUID": "df5219e6-e7ba-464f-a2d4-e6c88bbee5df",
                  "isHook": false,
                  "skipped": false
                }
              ],
              "suites": [],
              "passes": [
                "7c3d5944-0c12-4171-a2cb-9255e077c403"
              ],
              "failures": [],
              "pending": [],
              "skipped": [],
              "duration": 16,
              "root": false,
              "rootEmpty": false,
              "_timeout": 2000
            }
          ],
          "passes": [],
          "failures": [],
          "pending": [],
          "skipped": [],
          "duration": 0,
          "root": false,
          "rootEmpty": false,
          "_timeout": 2000
        },
        {
          "uuid": "03ff69f2-a733-4fb9-8567-6115a91392e6",
          "title": " banner system ",
          "fullFile": "D:\\Historium Projects\\main branch\\api\\test\\banner-test.js",
          "file": "\\test\\banner-test.js",
          "beforeHooks": [
            {
              "title": "\"before all\" hook in \" banner system \"",
              "fullTitle": " banner system  \"before all\" hook in \" banner system \"",
              "timedOut": false,
              "duration": 4,
              "state": null,
              "speed": null,
              "pass": false,
              "fail": false,
              "pending": false,
              "context": null,
              "code": "await mongoose\n\t.connect(process.env.TEST_CONNECTION_STRING)\n\t.catch(err => {\n\t\tconsole.log(`Failed to connect to database: ${err.message}`);\n\t});",
              "err": {},
              "uuid": "256a8864-a72c-4b53-a3d3-1ba3cc0d5f5d",
              "parentUUID": "03ff69f2-a733-4fb9-8567-6115a91392e6",
              "isHook": true,
              "skipped": false
            },
            {
              "title": "\"before each\" hook in \" banner system \"",
              "fullTitle": " banner system  \"before each\" hook in \" banner system \"",
              "timedOut": false,
              "duration": 6,
              "state": null,
              "speed": null,
              "pass": false,
              "fail": false,
              "pending": false,
              "context": null,
              "code": "const userData = {\n\tlogin: 'dobriy.edu@gmail.com',\n\tpassword: '41424344'\n};\nuserToken += (await request(app).post('/login').send(userData))\n\t.body.token;",
              "err": {},
              "uuid": "3d304ed2-9dcb-4e48-8cbc-85229ded2113",
              "parentUUID": "03ff69f2-a733-4fb9-8567-6115a91392e6",
              "isHook": true,
              "skipped": false
            }
          ],
          "afterHooks": [
            {
              "title": "\"after all\" hook in \" banner system \"",
              "fullTitle": " banner system  \"after all\" hook in \" banner system \"",
              "timedOut": false,
              "duration": 6,
              "state": null,
              "speed": null,
              "pass": false,
              "fail": false,
              "pending": false,
              "context": null,
              "code": "await mongoose.connection.collection('banners').deleteMany();\nawait mongoose.connection.close();",
              "err": {},
              "uuid": "f3a723d8-fee6-47a9-9063-1a04b841a0cf",
              "parentUUID": "03ff69f2-a733-4fb9-8567-6115a91392e6",
              "isHook": true,
              "skipped": false
            },
            {
              "title": "\"after each\" hook in \" banner system \"",
              "fullTitle": " banner system  \"after each\" hook in \" banner system \"",
              "timedOut": false,
              "duration": 0,
              "state": null,
              "speed": null,
              "pass": false,
              "fail": false,
              "pending": false,
              "context": null,
              "code": "userToken = 'Bearer ';",
              "err": {},
              "uuid": "955b2364-709a-4e04-a5f1-d68b184fed50",
              "parentUUID": "03ff69f2-a733-4fb9-8567-6115a91392e6",
              "isHook": true,
              "skipped": false
            }
          ],
          "tests": [],
          "suites": [
            {
              "uuid": "c7172303-3bdf-46d7-b62b-5c88ad39b867",
              "title": " \"/banner/\" POST request ",
              "fullFile": "D:\\Historium Projects\\main branch\\api\\test\\banner-test.js",
              "file": "\\test\\banner-test.js",
              "beforeHooks": [],
              "afterHooks": [],
              "tests": [
                {
                  "title": " the banner data is correct; the new banner object is returned ",
                  "fullTitle": " banner system   \"/banner/\" POST request   the banner data is correct; the new banner object is returned ",
                  "timedOut": false,
                  "duration": 1,
                  "state": "passed",
                  "speed": "fast",
                  "pass": true,
                  "fail": false,
                  "pending": false,
                  "context": null,
                  "code": "",
                  "err": {},
                  "uuid": "743b6df1-8664-4064-a624-21db9cea4a02",
                  "parentUUID": "c7172303-3bdf-46d7-b62b-5c88ad39b867",
                  "isHook": false,
                  "skipped": false
                }
              ],
              "suites": [],
              "passes": [
                "743b6df1-8664-4064-a624-21db9cea4a02"
              ],
              "failures": [],
              "pending": [],
              "skipped": [],
              "duration": 1,
              "root": false,
              "rootEmpty": false,
              "_timeout": 2000
            },
            {
              "uuid": "b27e6323-6a97-46a0-8e1c-7e7f355d41d3",
              "title": " \"/banner/\" GET request ",
              "fullFile": "D:\\Historium Projects\\main branch\\api\\test\\banner-test.js",
              "file": "\\test\\banner-test.js",
              "beforeHooks": [],
              "afterHooks": [],
              "tests": [
                {
                  "title": " should return an array of banners ",
                  "fullTitle": " banner system   \"/banner/\" GET request   should return an array of banners ",
                  "timedOut": false,
                  "duration": 0,
                  "state": "passed",
                  "speed": "fast",
                  "pass": true,
                  "fail": false,
                  "pending": false,
                  "context": null,
                  "code": "",
                  "err": {},
                  "uuid": "5f69ae00-123a-4fa9-88cf-2226bb5b7805",
                  "parentUUID": "b27e6323-6a97-46a0-8e1c-7e7f355d41d3",
                  "isHook": false,
                  "skipped": false
                }
              ],
              "suites": [],
              "passes": [
                "5f69ae00-123a-4fa9-88cf-2226bb5b7805"
              ],
              "failures": [],
              "pending": [],
              "skipped": [],
              "duration": 0,
              "root": false,
              "rootEmpty": false,
              "_timeout": 2000
            },
            {
              "uuid": "e7c87f7d-2396-4e04-864f-36212877b981",
              "title": " \"/banner/:id\" GET request ",
              "fullFile": "D:\\Historium Projects\\main branch\\api\\test\\banner-test.js",
              "file": "\\test\\banner-test.js",
              "beforeHooks": [],
              "afterHooks": [],
              "tests": [
                {
                  "title": " should return banner object",
                  "fullTitle": " banner system   \"/banner/:id\" GET request   should return banner object",
                  "timedOut": false,
                  "duration": 0,
                  "state": "passed",
                  "speed": "fast",
                  "pass": true,
                  "fail": false,
                  "pending": false,
                  "context": null,
                  "code": "",
                  "err": {},
                  "uuid": "082ae827-0769-44bc-8f8c-eaa91ea45d94",
                  "parentUUID": "e7c87f7d-2396-4e04-864f-36212877b981",
                  "isHook": false,
                  "skipped": false
                }
              ],
              "suites": [],
              "passes": [
                "082ae827-0769-44bc-8f8c-eaa91ea45d94"
              ],
              "failures": [],
              "pending": [],
              "skipped": [],
              "duration": 0,
              "root": false,
              "rootEmpty": false,
              "_timeout": 2000
            },
            {
              "uuid": "92495a4a-4c15-4e26-9234-46581e59d925",
              "title": " \"/banner/:id\" PATCH request ",
              "fullFile": "D:\\Historium Projects\\main branch\\api\\test\\banner-test.js",
              "file": "\\test\\banner-test.js",
              "beforeHooks": [],
              "afterHooks": [],
              "tests": [
                {
                  "title": " correct values are sent; the changed banner object is returned ",
                  "fullTitle": " banner system   \"/banner/:id\" PATCH request   correct values are sent; the changed banner object is returned ",
                  "timedOut": false,
                  "duration": 0,
                  "state": "passed",
                  "speed": "fast",
                  "pass": true,
                  "fail": false,
                  "pending": false,
                  "context": null,
                  "code": "",
                  "err": {},
                  "uuid": "517d3284-926b-4a97-8eab-05c08269f00f",
                  "parentUUID": "92495a4a-4c15-4e26-9234-46581e59d925",
                  "isHook": false,
                  "skipped": false
                }
              ],
              "suites": [],
              "passes": [
                "517d3284-926b-4a97-8eab-05c08269f00f"
              ],
              "failures": [],
              "pending": [],
              "skipped": [],
              "duration": 0,
              "root": false,
              "rootEmpty": false,
              "_timeout": 2000
            },
            {
              "uuid": "897e5216-f109-41eb-8500-e68d5fc4c6d4",
              "title": " \"/banner/:id\" DELETE request ",
              "fullFile": "D:\\Historium Projects\\main branch\\api\\test\\banner-test.js",
              "file": "\\test\\banner-test.js",
              "beforeHooks": [],
              "afterHooks": [],
              "tests": [
                {
                  "title": " should set the \"deletedAt\" field. the object must be removed from the database ",
                  "fullTitle": " banner system   \"/banner/:id\" DELETE request   should set the \"deletedAt\" field. the object must be removed from the database ",
                  "timedOut": false,
                  "duration": 1,
                  "state": "passed",
                  "speed": "fast",
                  "pass": true,
                  "fail": false,
                  "pending": false,
                  "context": null,
                  "code": "",
                  "err": {},
                  "uuid": "d0ced1be-ac6d-4031-b892-2438d2f8111d",
                  "parentUUID": "897e5216-f109-41eb-8500-e68d5fc4c6d4",
                  "isHook": false,
                  "skipped": false
                }
              ],
              "suites": [],
              "passes": [
                "d0ced1be-ac6d-4031-b892-2438d2f8111d"
              ],
              "failures": [],
              "pending": [],
              "skipped": [],
              "duration": 1,
              "root": false,
              "rootEmpty": false,
              "_timeout": 2000
            }
          ],
          "passes": [],
          "failures": [],
          "pending": [],
          "skipped": [],
          "duration": 0,
          "root": false,
          "rootEmpty": false,
          "_timeout": 2000
        },
        {
          "uuid": "f2257e2a-b094-4c1f-bc83-9150ba9b4857",
          "title": " book-series system ",
          "fullFile": "D:\\Historium Projects\\main branch\\api\\test\\book-series-test.js",
          "file": "\\test\\book-series-test.js",
          "beforeHooks": [
            {
              "title": "\"before all\" hook in \" book-series system \"",
              "fullTitle": " book-series system  \"before all\" hook in \" book-series system \"",
              "timedOut": false,
              "duration": 507,
              "state": null,
              "speed": null,
              "pass": false,
              "fail": false,
              "pending": false,
              "context": null,
              "code": "await mongoose\n\t.connect(process.env.TEST_CONNECTION_STRING)\n\t.catch(err => {\n\t\tconsole.log(`Failed to connect to database: ${err.message}`);\n\t});\n//#region add admin user to db and take token\nawait request(app).post('/signup').send(adminUser);\nawait mongoose.connection\n\t.collection('users')\n\t.updateOne(\n\t\t{ email: adminUser.email },\n\t\t{ $set: { role: 'admin' } }\n\t);\nconst userData = {\n\tlogin: adminUser.email,\n\tpassword: adminUser.password\n};\nuserToken += (await request(app).post('/login').send(userData))\n\t.body.token;\n//#endregion",
              "err": {},
              "uuid": "16c7abc5-b5dc-458f-971c-a50a200a49a7",
              "parentUUID": "f2257e2a-b094-4c1f-bc83-9150ba9b4857",
              "isHook": true,
              "skipped": false
            }
          ],
          "afterHooks": [
            {
              "title": "\"after all\" hook in \" book-series system \"",
              "fullTitle": " book-series system  \"after all\" hook in \" book-series system \"",
              "timedOut": false,
              "duration": 15,
              "state": null,
              "speed": null,
              "pass": false,
              "fail": false,
              "pending": false,
              "context": null,
              "code": "await mongoose.connection.collection('bookseries').deleteMany();\nawait mongoose.connection.collection('publishers').deleteMany();\nawait mongoose.connection.collection('users').deleteMany();\nawait mongoose.connection.collection('carts').deleteMany();\nawait mongoose.connection.close();",
              "err": {},
              "uuid": "790fa1db-3f7c-41bc-97ec-a803baa7d68b",
              "parentUUID": "f2257e2a-b094-4c1f-bc83-9150ba9b4857",
              "isHook": true,
              "skipped": false
            }
          ],
          "tests": [],
          "suites": [
            {
              "uuid": "6795b203-e0c8-4923-8e6e-3fe400138232",
              "title": " POST \"/book-series/\" Create new book series ",
              "fullFile": "D:\\Historium Projects\\main branch\\api\\test\\book-series-test.js",
              "file": "\\test\\book-series-test.js",
              "beforeHooks": [],
              "afterHooks": [],
              "tests": [
                {
                  "title": " Should create new book series in database ",
                  "fullTitle": " book-series system   POST \"/book-series/\" Create new book series   Should create new book series in database ",
                  "timedOut": false,
                  "duration": 23,
                  "state": "passed",
                  "speed": "fast",
                  "pass": true,
                  "fail": false,
                  "pending": false,
                  "context": null,
                  "code": "//#region adding the necessary objects to the database\nconst Publisher = {\n\tname: 'Новий Вік',\n\tbooks: [],\n\tbookSeries: [],\n\tdescription:\n\t\t'Видавництво, спеціалізуючеся на публікації літератури різних жанрів',\n\tlogo: 'https://example.com/logo.png'\n};\nconst publisherId = (\n\tawait request(app)\n\t\t.post('/publisher/')\n\t\t.set('Authorization', userToken)\n\t\t.send(Publisher)\n).body._id;\n//#endregion\nconst newBookSeries = {\n\tname: 'Українська класика',\n\tpublisher: publisherId,\n\tbooks: []\n};\nconst expectedFields = [\n\t'name',\n\t'publisher',\n\t'books',\n\t'_id',\n\t'createdAt',\n\t'updatedAt'\n];\nawait request(app)\n\t.post('/book-series/')\n\t.set('Authorization', userToken)\n\t.send(newBookSeries)\n\t.then(response => {\n\t\texpect(response.status).to.equal(201);\n\t\texpect(response.header['content-type']).to.include(\n\t\t\t'application/json'\n\t\t);\n\t\texpect(response.body).to.include.keys(...expectedFields);\n\t\tbookSeriesId = response.body._id;\n\t});",
                  "err": {},
                  "uuid": "aee9ebb2-dfdc-4502-80ca-204df82773b3",
                  "parentUUID": "6795b203-e0c8-4923-8e6e-3fe400138232",
                  "isHook": false,
                  "skipped": false
                }
              ],
              "suites": [],
              "passes": [
                "aee9ebb2-dfdc-4502-80ca-204df82773b3"
              ],
              "failures": [],
              "pending": [],
              "skipped": [],
              "duration": 23,
              "root": false,
              "rootEmpty": false,
              "_timeout": 2000
            },
            {
              "uuid": "a14f9d5e-889c-4e9e-8878-572ee1d18875",
              "title": " GET \"/book-series/\" Get all book series ",
              "fullFile": "D:\\Historium Projects\\main branch\\api\\test\\book-series-test.js",
              "file": "\\test\\book-series-test.js",
              "beforeHooks": [],
              "afterHooks": [],
              "tests": [
                {
                  "title": " Should return all book series ",
                  "fullTitle": " book-series system   GET \"/book-series/\" Get all book series   Should return all book series ",
                  "timedOut": false,
                  "duration": 6,
                  "state": "passed",
                  "speed": "fast",
                  "pass": true,
                  "fail": false,
                  "pending": false,
                  "context": null,
                  "code": "await request(app)\n\t.get('/book-series/')\n\t.set('Authorization', userToken)\n\t.then(response => {\n\t\texpect(response.status).to.equal(200);\n\t\texpect(response.header['content-type']).to.include(\n\t\t\t'application/json'\n\t\t);\n\t\texpect(response.body).to.be.an('array');\n\t});",
                  "err": {},
                  "uuid": "86748cc2-ced3-4c9b-8199-8232c72149d0",
                  "parentUUID": "a14f9d5e-889c-4e9e-8878-572ee1d18875",
                  "isHook": false,
                  "skipped": false
                }
              ],
              "suites": [],
              "passes": [
                "86748cc2-ced3-4c9b-8199-8232c72149d0"
              ],
              "failures": [],
              "pending": [],
              "skipped": [],
              "duration": 6,
              "root": false,
              "rootEmpty": false,
              "_timeout": 2000
            },
            {
              "uuid": "917a007c-9eb1-42e5-b5e3-63450699726f",
              "title": " GET \"/book-series/:id\" Get one book series ",
              "fullFile": "D:\\Historium Projects\\main branch\\api\\test\\book-series-test.js",
              "file": "\\test\\book-series-test.js",
              "beforeHooks": [],
              "afterHooks": [],
              "tests": [
                {
                  "title": " Should return one book series by id ",
                  "fullTitle": " book-series system   GET \"/book-series/:id\" Get one book series   Should return one book series by id ",
                  "timedOut": false,
                  "duration": 5,
                  "state": "passed",
                  "speed": "fast",
                  "pass": true,
                  "fail": false,
                  "pending": false,
                  "context": null,
                  "code": "const expectedFields = [\n\t'name',\n\t'publisher',\n\t'books',\n\t'_id',\n\t'createdAt',\n\t'updatedAt'\n];\nawait request(app)\n\t.get(`/book-series/${bookSeriesId}`)\n\t.set('Authorization', userToken)\n\t.then(response => {\n\t\texpect(response.status).to.equal(200);\n\t\texpect(response.header['content-type']).to.include(\n\t\t\t'application/json'\n\t\t);\n\t\texpect(response.body).to.include.keys(...expectedFields);\n\t});",
                  "err": {},
                  "uuid": "a72f0c45-2204-4cc5-aebe-5a0edfed5831",
                  "parentUUID": "917a007c-9eb1-42e5-b5e3-63450699726f",
                  "isHook": false,
                  "skipped": false
                }
              ],
              "suites": [],
              "passes": [
                "a72f0c45-2204-4cc5-aebe-5a0edfed5831"
              ],
              "failures": [],
              "pending": [],
              "skipped": [],
              "duration": 5,
              "root": false,
              "rootEmpty": false,
              "_timeout": 2000
            },
            {
              "uuid": "b7c3a11d-7b31-4930-a71a-19dc1632e0f4",
              "title": " PATCH \"/book-series/:id\" Update one existing book series ",
              "fullFile": "D:\\Historium Projects\\main branch\\api\\test\\book-series-test.js",
              "file": "\\test\\book-series-test.js",
              "beforeHooks": [],
              "afterHooks": [],
              "tests": [
                {
                  "title": " Should return one book series with updated data ",
                  "fullTitle": " book-series system   PATCH \"/book-series/:id\" Update one existing book series   Should return one book series with updated data ",
                  "timedOut": false,
                  "duration": 16,
                  "state": "passed",
                  "speed": "fast",
                  "pass": true,
                  "fail": false,
                  "pending": false,
                  "context": null,
                  "code": "const updatedBookSeries = {\n\tname: 'Українська класика *updated'\n};\nawait request(app)\n\t.patch(`/book-series/${bookSeriesId}`)\n\t.set('Authorization', userToken)\n\t.send(updatedBookSeries)\n\t.then(response => {\n\t\texpect(response.status).to.equal(200);\n\t\texpect(response.header['content-type']).to.include(\n\t\t\t'application/json'\n\t\t);\n\t\texpect(response.body.name).to.equal(\n\t\t\t'Українська класика *updated'\n\t\t);\n\t});",
                  "err": {},
                  "uuid": "bf197e31-921d-456b-8dda-d3cbf609072c",
                  "parentUUID": "b7c3a11d-7b31-4930-a71a-19dc1632e0f4",
                  "isHook": false,
                  "skipped": false
                }
              ],
              "suites": [],
              "passes": [
                "bf197e31-921d-456b-8dda-d3cbf609072c"
              ],
              "failures": [],
              "pending": [],
              "skipped": [],
              "duration": 16,
              "root": false,
              "rootEmpty": false,
              "_timeout": 2000
            },
            {
              "uuid": "731a1912-db44-4cd7-a937-dff317603bba",
              "title": " DELETE \"/book-series/:id\" Delete one book series ",
              "fullFile": "D:\\Historium Projects\\main branch\\api\\test\\book-series-test.js",
              "file": "\\test\\book-series-test.js",
              "beforeHooks": [],
              "afterHooks": [],
              "tests": [
                {
                  "title": " Should mark book series as deleted via the \"deletedAt\" field, but not delete ",
                  "fullTitle": " book-series system   DELETE \"/book-series/:id\" Delete one book series   Should mark book series as deleted via the \"deletedAt\" field, but not delete ",
                  "timedOut": false,
                  "duration": 13,
                  "state": "passed",
                  "speed": "fast",
                  "pass": true,
                  "fail": false,
                  "pending": false,
                  "context": null,
                  "code": "await request(app)\n\t.delete(`/book-series/${bookSeriesId}`)\n\t.set('Authorization', userToken)\n\t.then(async response => {\n\t\texpect(response.status).to.be.equal(204);\n\t\tconst deletedBookSeries = await mongoose.connection\n\t\t\t.collection('bookseries')\n\t\t\t.findOne({});\n\t\texpect(deletedBookSeries.deletedAt).to.not.be.null;\n\t\tconst publisher = await mongoose.connection\n\t\t\t.collection('publishers')\n\t\t\t.findOne({});\n\t\texpect(publisher.bookSeries).to.be.empty;\n\t});",
                  "err": {},
                  "uuid": "10f1a2e9-1cb7-4147-899f-2f111bdc9a4c",
                  "parentUUID": "731a1912-db44-4cd7-a937-dff317603bba",
                  "isHook": false,
                  "skipped": false
                }
              ],
              "suites": [],
              "passes": [
                "10f1a2e9-1cb7-4147-899f-2f111bdc9a4c"
              ],
              "failures": [],
              "pending": [],
              "skipped": [],
              "duration": 13,
              "root": false,
              "rootEmpty": false,
              "_timeout": 2000
            }
          ],
          "passes": [],
          "failures": [],
          "pending": [],
          "skipped": [],
          "duration": 0,
          "root": false,
          "rootEmpty": false,
          "_timeout": 2000
        },
        {
          "uuid": "e9d1de85-d48d-44d0-a246-80b3b8b0278a",
          "title": " boook system ",
          "fullFile": "D:\\Historium Projects\\main branch\\api\\test\\book-test.js",
          "file": "\\test\\book-test.js",
          "beforeHooks": [
            {
              "title": "\"before all\" hook in \" boook system \"",
              "fullTitle": " boook system  \"before all\" hook in \" boook system \"",
              "timedOut": false,
              "duration": 506,
              "state": null,
              "speed": null,
              "pass": false,
              "fail": false,
              "pending": false,
              "context": null,
              "code": "await mongoose\n\t.connect(process.env.TEST_CONNECTION_STRING)\n\t.catch(err => {\n\t\tconsole.log(`Failed to connect to database: ${err.message}`);\n\t});\n//#region add admin user to db and take token\nawait request(app).post('/signup').send(adminUser);\nawait mongoose.connection\n\t.collection('users')\n\t.updateOne(\n\t\t{ email: adminUser.email },\n\t\t{ $set: { role: 'admin' } }\n\t);\nconst userData = {\n\tlogin: adminUser.email,\n\tpassword: adminUser.password\n};\nuserToken += (await request(app).post('/login').send(userData))\n\t.body.token;\n//#endregion",
              "err": {},
              "uuid": "8661470a-e4d4-49c8-8257-43364e166c11",
              "parentUUID": "e9d1de85-d48d-44d0-a246-80b3b8b0278a",
              "isHook": true,
              "skipped": false
            }
          ],
          "afterHooks": [
            {
              "title": "\"after all\" hook in \" boook system \"",
              "fullTitle": " boook system  \"after all\" hook in \" boook system \"",
              "timedOut": false,
              "duration": 15,
              "state": null,
              "speed": null,
              "pass": false,
              "fail": false,
              "pending": false,
              "context": null,
              "code": "await mongoose.connection.collection('books').deleteMany();\nawait mongoose.connection.collection('bookseries').deleteMany();\nawait mongoose.connection.collection('authors').deleteMany();\nawait mongoose.connection.collection('compilers').deleteMany();\nawait mongoose.connection.collection('editors').deleteMany();\nawait mongoose.connection.collection('illustrators').deleteMany();\nawait mongoose.connection.collection('products').deleteMany();\nawait mongoose.connection.collection('producttypes').deleteMany();\nawait mongoose.connection.collection('publishers').deleteMany();\nawait mongoose.connection.collection('sections').deleteMany();\nawait mongoose.connection.collection('translators').deleteMany();\nawait mongoose.connection.collection('users').deleteMany();\nawait mongoose.connection.collection('carts').deleteMany();\nawait mongoose.connection.close();",
              "err": {},
              "uuid": "2077be42-42ee-426a-a93d-de7db1610afd",
              "parentUUID": "e9d1de85-d48d-44d0-a246-80b3b8b0278a",
              "isHook": true,
              "skipped": false
            }
          ],
          "tests": [],
          "suites": [
            {
              "uuid": "99201aff-ed45-4f2c-b081-8aa40e3ea2a4",
              "title": " POST \"/book/\" Create new book ",
              "fullFile": "D:\\Historium Projects\\main branch\\api\\test\\book-test.js",
              "file": "\\test\\book-test.js",
              "beforeHooks": [],
              "afterHooks": [],
              "tests": [
                {
                  "title": " Should create new book to database ",
                  "fullTitle": " boook system   POST \"/book/\" Create new book   Should create new book to database ",
                  "timedOut": false,
                  "duration": 76,
                  "state": "passed",
                  "speed": "slow",
                  "pass": true,
                  "fail": false,
                  "pending": false,
                  "context": null,
                  "code": "//#region adding the necessary objects to the database\nconst productType = {\n\tname: 'Книга',\n\tkey: 'book'\n};\nconst productTypeId = (\n\tawait mongoose.connection\n\t\t.collection('producttypes')\n\t\t.insertOne(productType)\n).insertedId;\nconst section = {\n\tname: 'Комікси і графічні романи',\n\tkey: 'Komiksy i hrafichni romany',\n\tproducts: [],\n\tsections: []\n};\nconst sectionId = (\n\tawait mongoose.connection\n\t\t.collection('sections')\n\t\t.insertOne(section)\n).insertedId;\nconst publisher = {\n\tname: 'Новий Вік',\n\tbooks: [],\n\tbookSeries: [],\n\tdescription:\n\t\t'Видавництво, спеціалізуючеся на публікації літератури різних жанрів',\n\tlogo: 'https://example.com/logo.png'\n};\nconst publisherId = (\n\tawait mongoose.connection\n\t\t.collection('publishers')\n\t\t.insertOne(publisher)\n).insertedId;\nconst author = {\n\tfullName: 'Іван Сидоренко',\n\tbiography: 'Текст біографії автора на українській мові.',\n\tbooks: [],\n\tpictures: ['picture1.jpg', 'picture2.jpg']\n};\nconst authorId = (\n\tawait mongoose.connection\n\t\t.collection('authors')\n\t\t.insertOne(author)\n).insertedId;\nconst authorName = (\n\tawait mongoose.connection.collection('authors').findOne({})\n).fullName;\nconst compiler = {\n\tfullName: 'Іван Бойко',\n\tbooks: []\n};\nconst compilerId = (\n\tawait mongoose.connection\n\t\t.collection('compilers')\n\t\t.insertOne(compiler)\n).insertedId;\nconst translator = {\n\tfullName: 'Анна Мельник',\n\tbooks: []\n};\nconst translatorId = (\n\tawait mongoose.connection\n\t\t.collection('translators')\n\t\t.insertOne(translator)\n).insertedId;\nconst illustrator = {\n\tfullName: 'Ірина Левченко',\n\tbooks: []\n};\nconst illustratorId = (\n\tawait mongoose.connection\n\t\t.collection('illustrators')\n\t\t.insertOne(illustrator)\n).insertedId;\nconst editor = {\n\tfullName: 'Юлія Григоренко',\n\tbooks: []\n};\nconst editorId = (\n\tawait mongoose.connection\n\t\t.collection('editors')\n\t\t.insertOne(editor)\n).insertedId;\nconst bookSeries = {\n\tname: 'Українська класика',\n\tpublisher: publisherId,\n\tbooks: []\n};\nconst bookSeriesId = (\n\tawait mongoose.connection\n\t\t.collection('bookseries')\n\t\t.insertOne(bookSeries)\n).insertedId;\nconst product = {\n\tname: 'Збірка українських поезій',\n\ttype: productTypeId,\n\tprice: 99,\n\tquantity: 10,\n\tdescription:\n\t\t'\"Збірка українських поезій\" - поетичний скарб, що втілює красу та духовність української літератури.',\n\timages: ['image1.png'],\n\tsections: [sectionId],\n\tcreators: [authorName]\n};\nconst productId = (\n\tawait request(app)\n\t\t.post('/product/')\n\t\t.set('Authorization', userToken)\n\t\t.send(product)\n).body._id;\n//#endregion\nconst expectedFields = [\n\t'product',\n\t'type',\n\t'publisher',\n\t'languages',\n\t'publishedIn',\n\t'authors',\n\t'compilers',\n\t'translators',\n\t'illustrators',\n\t'editors',\n\t'series',\n\t'copies',\n\t'isbns',\n\t'firstPublishedIn',\n\t'originalName',\n\t'font',\n\t'format',\n\t'pages',\n\t'weight',\n\t'bindingType',\n\t'paperType',\n\t'illustrationsType',\n\t'literaturePeriod',\n\t'literatureCountry',\n\t'foreignLiterature',\n\t'timePeriod',\n\t'suitableAge',\n\t'packaging',\n\t'occasion',\n\t'style',\n\t'suitableFor'\n];\nconst newBook = {\n\tproduct: productId,\n\ttype: 'Паперова',\n\tpublisher: publisherId,\n\tlanguages: ['Українська'],\n\tpublishedIn: '1980',\n\tauthors: [authorId],\n\tcompilers: [compilerId],\n\ttranslators: [translatorId],\n\tillustrators: [illustratorId],\n\teditors: [editorId],\n\tseries: [bookSeriesId],\n\tcopies: 100,\n\tisbns: ['978-3-16-148410-0'],\n\tfirstPublishedIn: '1981',\n\toriginalName: 'Збірка українських поезій',\n\tfont: 'Arial',\n\tformat: '135х205 мм',\n\tpages: 180,\n\tweight: 300,\n\tbindingType: 'Пришивна палітурка',\n\tpaperType: 'Глянцевий',\n\tillustrationsType: ['Повнокольоровий'],\n\tliteraturePeriod: ['Постмодернізм'],\n\tliteratureCountry: ['Україна'],\n\tforeignLiterature: false,\n\ttimePeriod: ['1980-1990'],\n\tsuitableAge: ['12+'],\n\tpackaging: 'У коробці',\n\toccasion: ['Без приводу'],\n\tstyle: ['Сучасна поезія'],\n\tsuitableFor: ['Дорослих']\n};\nawait request(app)\n\t.post('/book/')\n\t.set('Authorization', userToken)\n\t.send(newBook)\n\t.then(async response => {\n\t\texpect(response.status).to.equal(201);\n\t\texpect(response.header['content-type']).to.include(\n\t\t\t'application/json'\n\t\t);\n\t\texpect(response.body).to.include.keys(...expectedFields);\n\t\tbookId = response.body._id;\n\t\t//#region check data integrity\n\t\tawait mongoose.connection\n\t\t\t.collection('publishers')\n\t\t\t.findOne({})\n\t\t\t.then(result => {\n\t\t\t\texpect(\n\t\t\t\t\tresult.books.map(id => id.toString())\n\t\t\t\t).to.include(bookId);\n\t\t\t});\n\t\tawait mongoose.connection\n\t\t\t.collection('authors')\n\t\t\t.findOne({})\n\t\t\t.then(result => {\n\t\t\t\texpect(\n\t\t\t\t\tresult.books.map(id => id.toString())\n\t\t\t\t).to.include(bookId);\n\t\t\t});\n\t\tawait mongoose.connection\n\t\t\t.collection('compilers')\n\t\t\t.findOne({})\n\t\t\t.then(result => {\n\t\t\t\texpect(\n\t\t\t\t\tresult.books.map(id => id.toString())\n\t\t\t\t).to.include(bookId);\n\t\t\t});\n\t\tawait mongoose.connection\n\t\t\t.collection('translators')\n\t\t\t.findOne({})\n\t\t\t.then(result => {\n\t\t\t\texpect(\n\t\t\t\t\tresult.books.map(id => id.toString())\n\t\t\t\t).to.include(bookId);\n\t\t\t});\n\t\tawait mongoose.connection\n\t\t\t.collection('illustrators')\n\t\t\t.findOne({})\n\t\t\t.then(result => {\n\t\t\t\texpect(\n\t\t\t\t\tresult.books.map(id => id.toString())\n\t\t\t\t).to.include(bookId);\n\t\t\t});\n\t\tawait mongoose.connection\n\t\t\t.collection('editors')\n\t\t\t.findOne({})\n\t\t\t.then(result => {\n\t\t\t\texpect(\n\t\t\t\t\tresult.books.map(id => id.toString())\n\t\t\t\t).to.include(bookId);\n\t\t\t});\n\t\tawait mongoose.connection\n\t\t\t.collection('bookseries')\n\t\t\t.findOne({})\n\t\t\t.then(result => {\n\t\t\t\texpect(\n\t\t\t\t\tresult.books.map(id => id.toString())\n\t\t\t\t).to.include(bookId);\n\t\t\t});\n\t\t//#endregion\n\t});",
                  "err": {},
                  "uuid": "3cf37238-6e8b-4607-bd31-d3baf1ad3199",
                  "parentUUID": "99201aff-ed45-4f2c-b081-8aa40e3ea2a4",
                  "isHook": false,
                  "skipped": false
                }
              ],
              "suites": [],
              "passes": [
                "3cf37238-6e8b-4607-bd31-d3baf1ad3199"
              ],
              "failures": [],
              "pending": [],
              "skipped": [],
              "duration": 76,
              "root": false,
              "rootEmpty": false,
              "_timeout": 2000
            },
            {
              "uuid": "a973850b-4584-4c86-a1bc-e69cbd714d5d",
              "title": " GET \"/book/\" Get all books ",
              "fullFile": "D:\\Historium Projects\\main branch\\api\\test\\book-test.js",
              "file": "\\test\\book-test.js",
              "beforeHooks": [],
              "afterHooks": [],
              "tests": [
                {
                  "title": " Should return all books ",
                  "fullTitle": " boook system   GET \"/book/\" Get all books   Should return all books ",
                  "timedOut": false,
                  "duration": 11,
                  "state": "passed",
                  "speed": "fast",
                  "pass": true,
                  "fail": false,
                  "pending": false,
                  "context": null,
                  "code": "await request(app)\n\t.get('/book/')\n\t.set('Authorization', userToken)\n\t.then(response => {\n\t\texpect(response.status).to.equal(200);\n\t\texpect(response.header['content-type']).to.include(\n\t\t\t'application/json'\n\t\t);\n\t\texpect(response.body.result).to.be.an('array');\n\t});",
                  "err": {},
                  "uuid": "fd2aeaf5-87eb-4797-8ed7-7c904c24e229",
                  "parentUUID": "a973850b-4584-4c86-a1bc-e69cbd714d5d",
                  "isHook": false,
                  "skipped": false
                }
              ],
              "suites": [],
              "passes": [
                "fd2aeaf5-87eb-4797-8ed7-7c904c24e229"
              ],
              "failures": [],
              "pending": [],
              "skipped": [],
              "duration": 11,
              "root": false,
              "rootEmpty": false,
              "_timeout": 2000
            },
            {
              "uuid": "0e601670-f0ba-4bc2-8642-3e3f9547ae78",
              "title": " GET \"/book/:id\" Get one book ",
              "fullFile": "D:\\Historium Projects\\main branch\\api\\test\\book-test.js",
              "file": "\\test\\book-test.js",
              "beforeHooks": [],
              "afterHooks": [],
              "tests": [
                {
                  "title": " Should return one book by id ",
                  "fullTitle": " boook system   GET \"/book/:id\" Get one book   Should return one book by id ",
                  "timedOut": false,
                  "duration": 13,
                  "state": "passed",
                  "speed": "fast",
                  "pass": true,
                  "fail": false,
                  "pending": false,
                  "context": null,
                  "code": "const expectedFields = [\n\t'product',\n\t'type',\n\t'publisher',\n\t'languages',\n\t'publishedIn',\n\t'authors',\n\t'compilers',\n\t'translators',\n\t'illustrators',\n\t'editors',\n\t'series',\n\t'copies',\n\t'isbns',\n\t'firstPublishedIn',\n\t'originalName',\n\t'font',\n\t'format',\n\t'pages',\n\t'weight',\n\t'bindingType',\n\t'paperType',\n\t'illustrationsType',\n\t'literaturePeriod',\n\t'literatureCountry',\n\t'foreignLiterature',\n\t'timePeriod',\n\t'suitableAge',\n\t'packaging',\n\t'occasion',\n\t'style',\n\t'suitableFor'\n];\nawait request(app)\n\t.get(`/book/${bookId}`)\n\t.set('Authorization', userToken)\n\t.then(response => {\n\t\texpect(response.status).to.equal(200);\n\t\texpect(response.header['content-type']).to.include(\n\t\t\t'application/json'\n\t\t);\n\t\texpect(response.body).to.include.keys(...expectedFields);\n\t});",
                  "err": {},
                  "uuid": "32f40f5e-dff4-4139-843f-502643a34443",
                  "parentUUID": "0e601670-f0ba-4bc2-8642-3e3f9547ae78",
                  "isHook": false,
                  "skipped": false
                }
              ],
              "suites": [],
              "passes": [
                "32f40f5e-dff4-4139-843f-502643a34443"
              ],
              "failures": [],
              "pending": [],
              "skipped": [],
              "duration": 13,
              "root": false,
              "rootEmpty": false,
              "_timeout": 2000
            },
            {
              "uuid": "8ffc34eb-ba29-4e3e-abce-aba83aa6e2c1",
              "title": " PATCH \"/book/:id\" Update one existing book ",
              "fullFile": "D:\\Historium Projects\\main branch\\api\\test\\book-test.js",
              "file": "\\test\\book-test.js",
              "beforeHooks": [],
              "afterHooks": [],
              "tests": [
                {
                  "title": " Should return book with updated data ",
                  "fullTitle": " boook system   PATCH \"/book/:id\" Update one existing book   Should return book with updated data ",
                  "timedOut": false,
                  "duration": 19,
                  "state": "passed",
                  "speed": "fast",
                  "pass": true,
                  "fail": false,
                  "pending": false,
                  "context": null,
                  "code": "const updatedBookData = {\n\tpublishedIn: '1982',\n\tlanguages: ['English']\n};\nawait request(app)\n\t.patch(`/book/${bookId}`)\n\t.set('Authorization', userToken)\n\t.send(updatedBookData)\n\t.then(response => {\n\t\texpect(response.status).to.equal(200);\n\t\texpect(response.header['content-type']).to.include(\n\t\t\t'application/json'\n\t\t);\n\t\texpect(response.body.publishedIn).to.equal(1982);\n\t\texpect(response.body.languages).to.include('English');\n\t});",
                  "err": {},
                  "uuid": "f8dd12f7-a854-4da0-8229-1fe5b04639fa",
                  "parentUUID": "8ffc34eb-ba29-4e3e-abce-aba83aa6e2c1",
                  "isHook": false,
                  "skipped": false
                }
              ],
              "suites": [],
              "passes": [
                "f8dd12f7-a854-4da0-8229-1fe5b04639fa"
              ],
              "failures": [],
              "pending": [],
              "skipped": [],
              "duration": 19,
              "root": false,
              "rootEmpty": false,
              "_timeout": 2000
            },
            {
              "uuid": "ea474632-3aa3-461c-98f7-1afbb8899b81",
              "title": " DELETE \"/book/:id\" Delete one book ",
              "fullFile": "D:\\Historium Projects\\main branch\\api\\test\\book-test.js",
              "file": "\\test\\book-test.js",
              "beforeHooks": [],
              "afterHooks": [],
              "tests": [
                {
                  "title": " Should mark product as deleted via the \"deletedAt\" field, but not delete. ",
                  "fullTitle": " boook system   DELETE \"/book/:id\" Delete one book   Should mark product as deleted via the \"deletedAt\" field, but not delete. ",
                  "timedOut": false,
                  "duration": 27,
                  "state": "passed",
                  "speed": "fast",
                  "pass": true,
                  "fail": false,
                  "pending": false,
                  "context": null,
                  "code": "await request(app)\n\t.delete(`/book/${bookId}`)\n\t.set('Authorization', userToken)\n\t.then(async response => {\n\t\texpect(response.status).to.be.equal(204);\n\t\tconst deletedBook = await mongoose.connection\n\t\t\t.collection('books')\n\t\t\t.findOne({});\n\t\texpect(deletedBook.deletedAt).to.not.be.null;\n\t\t//#region checking all dependencies\n\t\tconst author = await mongoose.connection\n\t\t\t.collection('authors')\n\t\t\t.findOne();\n\t\texpect(author.books).to.be.empty;\n\t\tconst compiler = await mongoose.connection\n\t\t\t.collection('compilers')\n\t\t\t.findOne();\n\t\texpect(compiler.books).to.be.empty;\n\t\tconst editor = await mongoose.connection\n\t\t\t.collection('editors')\n\t\t\t.findOne();\n\t\texpect(editor.books).to.be.empty;\n\t\tconst illustrator = await mongoose.connection\n\t\t\t.collection('illustrators')\n\t\t\t.findOne();\n\t\texpect(illustrator.books).to.be.empty;\n\t\tconst translator = await mongoose.connection\n\t\t\t.collection('translators')\n\t\t\t.findOne();\n\t\texpect(translator.books).to.be.empty;\n\t\tconst product = await mongoose.connection\n\t\t\t.collection('products')\n\t\t\t.findOne();\n\t\texpect(product.deletedAt).to.not.be.null;\n\t\tconst section = await mongoose.connection\n\t\t\t.collection('sections')\n\t\t\t.findOne();\n\t\texpect(section.products).to.be.empty;\n\t\t//#endregion\n\t});",
                  "err": {},
                  "uuid": "e2d46e39-1a7e-4c67-94b8-e05ce46c6dc2",
                  "parentUUID": "ea474632-3aa3-461c-98f7-1afbb8899b81",
                  "isHook": false,
                  "skipped": false
                }
              ],
              "suites": [],
              "passes": [
                "e2d46e39-1a7e-4c67-94b8-e05ce46c6dc2"
              ],
              "failures": [],
              "pending": [],
              "skipped": [],
              "duration": 27,
              "root": false,
              "rootEmpty": false,
              "_timeout": 2000
            }
          ],
          "passes": [],
          "failures": [],
          "pending": [],
          "skipped": [],
          "duration": 0,
          "root": false,
          "rootEmpty": false,
          "_timeout": 2000
        },
        {
          "uuid": "ab8bbee5-5872-4e57-8f51-621003e5e8b4",
          "title": " cart system ",
          "fullFile": "D:\\Historium Projects\\main branch\\api\\test\\cart-test.js",
          "file": "\\test\\cart-test.js",
          "beforeHooks": [
            {
              "title": "\"before all\" hook in \" cart system \"",
              "fullTitle": " cart system  \"before all\" hook in \" cart system \"",
              "timedOut": false,
              "duration": 496,
              "state": null,
              "speed": null,
              "pass": false,
              "fail": false,
              "pending": false,
              "context": null,
              "code": "await mongoose\n\t.connect(process.env.TEST_CONNECTION_STRING)\n\t.catch(err => {\n\t\tconsole.log(`Failed to connect to database: ${err.message}`);\n\t});\n//#region add admin user to db and take token\nawait request(app).post('/signup').send(adminUser);\nawait mongoose.connection\n\t.collection('users')\n\t.updateOne(\n\t\t{ email: adminUser.email },\n\t\t{ $set: { role: 'admin' } }\n\t);\nconst userData = {\n\tlogin: adminUser.email,\n\tpassword: adminUser.password\n};\nuserToken += (await request(app).post('/login').send(userData))\n\t.body.token;\n//#endregion",
              "err": {},
              "uuid": "fe8fd2ed-592d-4992-8fcc-f2bafb04f9fd",
              "parentUUID": "ab8bbee5-5872-4e57-8f51-621003e5e8b4",
              "isHook": true,
              "skipped": false
            }
          ],
          "afterHooks": [
            {
              "title": "\"after all\" hook in \" cart system \"",
              "fullTitle": " cart system  \"after all\" hook in \" cart system \"",
              "timedOut": false,
              "duration": 14,
              "state": null,
              "speed": null,
              "pass": false,
              "fail": false,
              "pending": false,
              "context": null,
              "code": "await mongoose.connection.collection('products').deleteMany();\nawait mongoose.connection.collection('producttypes').deleteMany();\nawait mongoose.connection.collection('sections').deleteMany();\nawait mongoose.connection.collection('cartitems').deleteMany();\nawait mongoose.connection.collection('users').deleteMany();\nawait mongoose.connection.collection('carts').deleteMany();\nawait mongoose.connection.close();",
              "err": {},
              "uuid": "1dbcdc6a-df96-4e30-9cab-a0c1ff07a0bf",
              "parentUUID": "ab8bbee5-5872-4e57-8f51-621003e5e8b4",
              "isHook": true,
              "skipped": false
            }
          ],
          "tests": [],
          "suites": [
            {
              "uuid": "70ab15d8-f2cb-49c8-91b6-849f33396d08",
              "title": " GET \"/cart/\" Get cart associated with user ",
              "fullFile": "D:\\Historium Projects\\main branch\\api\\test\\cart-test.js",
              "file": "\\test\\cart-test.js",
              "beforeHooks": [],
              "afterHooks": [],
              "tests": [
                {
                  "title": " Should return information about the cart of the authorized user ",
                  "fullTitle": " cart system   GET \"/cart/\" Get cart associated with user   Should return information about the cart of the authorized user ",
                  "timedOut": false,
                  "duration": 9,
                  "state": "passed",
                  "speed": "fast",
                  "pass": true,
                  "fail": false,
                  "pending": false,
                  "context": null,
                  "code": "const expectedFields = ['items', 'totalPrice', 'totalQuantity'];\nawait request(app)\n\t.get('/cart/')\n\t.set('Authorization', userToken)\n\t.then(response => {\n\t\texpect(response.status).to.equal(200);\n\t\texpect(response.header['content-type']).to.include(\n\t\t\t'application/json'\n\t\t);\n\t\texpect(response.body).to.be.include.keys(...expectedFields);\n\t});",
                  "err": {},
                  "uuid": "9bfcb0a7-1f63-438c-811a-a7f35ba47820",
                  "parentUUID": "70ab15d8-f2cb-49c8-91b6-849f33396d08",
                  "isHook": false,
                  "skipped": false
                }
              ],
              "suites": [],
              "passes": [
                "9bfcb0a7-1f63-438c-811a-a7f35ba47820"
              ],
              "failures": [],
              "pending": [],
              "skipped": [],
              "duration": 9,
              "root": false,
              "rootEmpty": false,
              "_timeout": 2000
            },
            {
              "uuid": "852b69e6-49ae-4b71-b0c4-985a86c68e04",
              "title": " DELETE \"/cart/\" Clear user cart ",
              "fullFile": "D:\\Historium Projects\\main branch\\api\\test\\cart-test.js",
              "file": "\\test\\cart-test.js",
              "beforeHooks": [],
              "afterHooks": [],
              "tests": [
                {
                  "title": " Should empty cart of the authorized user ",
                  "fullTitle": " cart system   DELETE \"/cart/\" Clear user cart   Should empty cart of the authorized user ",
                  "timedOut": false,
                  "duration": 9,
                  "state": "passed",
                  "speed": "fast",
                  "pass": true,
                  "fail": false,
                  "pending": false,
                  "context": null,
                  "code": "await request(app)\n\t.delete('/cart/')\n\t.set('Authorization', userToken)\n\t.then(async response => {\n\t\texpect(response.status).to.equal(204);\n\t\tconst cart = await mongoose.connection\n\t\t\t.collection('carts')\n\t\t\t.findOne({});\n\t\texpect(cart.items).to.be.empty;\n\t});",
                  "err": {},
                  "uuid": "cb87cc80-81d1-4697-85aa-82e4df41359e",
                  "parentUUID": "852b69e6-49ae-4b71-b0c4-985a86c68e04",
                  "isHook": false,
                  "skipped": false
                }
              ],
              "suites": [],
              "passes": [
                "cb87cc80-81d1-4697-85aa-82e4df41359e"
              ],
              "failures": [],
              "pending": [],
              "skipped": [],
              "duration": 9,
              "root": false,
              "rootEmpty": false,
              "_timeout": 2000
            },
            {
              "uuid": "b766d581-8283-4519-926a-f9c787a09345",
              "title": " POST \"/cart-item/\" Add item to user cart ",
              "fullFile": "D:\\Historium Projects\\main branch\\api\\test\\cart-test.js",
              "file": "\\test\\cart-test.js",
              "beforeHooks": [],
              "afterHooks": [],
              "tests": [
                {
                  "title": " Should add the product to the cart of an authorized user ",
                  "fullTitle": " cart system   POST \"/cart-item/\" Add item to user cart   Should add the product to the cart of an authorized user ",
                  "timedOut": false,
                  "duration": 28,
                  "state": "passed",
                  "speed": "fast",
                  "pass": true,
                  "fail": false,
                  "pending": false,
                  "context": null,
                  "code": "//#region adding the necessary objects to the database\nconst productType = {\n\tname: 'Книга',\n\tkey: 'book'\n};\nconst productTypeId = (\n\tawait mongoose.connection\n\t\t.collection('producttypes')\n\t\t.insertOne(productType)\n).insertedId;\nconst section = {\n\tname: 'Фантастика',\n\tkey: 'fantastic',\n\tproducts: [],\n\tsections: []\n};\nconst sectionId = (\n\tawait mongoose.connection\n\t\t.collection('sections')\n\t\t.insertOne(section)\n).insertedId;\nconst product = {\n\tname: 'Збірка українських поезій',\n\ttype: productTypeId,\n\tprice: 99,\n\tdeliveryPrice: 60,\n\tquantity: 10,\n\tdescription:\n\t\t'\"Збірка українських поезій\" - поетичний скарб, що втілює красу та духовність української літератури.',\n\timages: ['image1.png'],\n\tsections: [sectionId],\n\tmodel: 'Book'\n};\nproductId = (\n\tawait request(app)\n\t\t.post('/product/')\n\t\t.set('Authorization', userToken)\n\t\t.send(product)\n).body._id;\n//#endregion\nconst body = {\n\tproduct: productId.toString()\n};\nawait request(app)\n\t.post('/cart-item/')\n\t.set('Authorization', userToken)\n\t.send(body)\n\t.then(async response => {\n\t\texpect(response.status).to.equal(204);\n\t\tconst cart = await mongoose.connection\n\t\t\t.collection('carts')\n\t\t\t.findOne({});\n\t\texpect(cart.items).to.be.not.empty;\n\t\tconst cartItem = await mongoose.connection\n\t\t\t.collection('cartitems')\n\t\t\t.findOne({ _id: cart.items[0] });\n\t\texpect(cartItem.product.toString()).to.be.equal(productId);\n\t});",
                  "err": {},
                  "uuid": "787a498b-988e-48b4-a160-af06eddb8aeb",
                  "parentUUID": "b766d581-8283-4519-926a-f9c787a09345",
                  "isHook": false,
                  "skipped": false
                }
              ],
              "suites": [],
              "passes": [
                "787a498b-988e-48b4-a160-af06eddb8aeb"
              ],
              "failures": [],
              "pending": [],
              "skipped": [],
              "duration": 28,
              "root": false,
              "rootEmpty": false,
              "_timeout": 2000
            },
            {
              "uuid": "c60bb9f6-915d-4aaa-88c4-bd974fe5f550",
              "title": " DELETE \"/cart-item/\" Remove item from user cart ",
              "fullFile": "D:\\Historium Projects\\main branch\\api\\test\\cart-test.js",
              "file": "\\test\\cart-test.js",
              "beforeHooks": [],
              "afterHooks": [],
              "tests": [
                {
                  "title": " Should remove the product from the cart of an authorized user ",
                  "fullTitle": " cart system   DELETE \"/cart-item/\" Remove item from user cart   Should remove the product from the cart of an authorized user ",
                  "timedOut": false,
                  "duration": 13,
                  "state": "passed",
                  "speed": "fast",
                  "pass": true,
                  "fail": false,
                  "pending": false,
                  "context": null,
                  "code": "const body = {\n\tproduct: productId.toString()\n};\nawait request(app)\n\t.delete('/cart-item/')\n\t.set('Authorization', userToken)\n\t.send(body)\n\t.then(async response => {\n\t\texpect(response.status).to.equal(204);\n\t\tconst cart = await mongoose.connection\n\t\t\t.collection('carts')\n\t\t\t.findOne({});\n\t\texpect(cart.items).to.be.empty;\n\t\tconst cartItems = await mongoose.connection\n\t\t\t.collection('cartitems')\n\t\t\t.findOne({});\n\t\texpect(cartItems).to.be.null;\n\t});",
                  "err": {},
                  "uuid": "b07786a2-1377-4bfe-9f7f-a24806a0a184",
                  "parentUUID": "c60bb9f6-915d-4aaa-88c4-bd974fe5f550",
                  "isHook": false,
                  "skipped": false
                }
              ],
              "suites": [],
              "passes": [
                "b07786a2-1377-4bfe-9f7f-a24806a0a184"
              ],
              "failures": [],
              "pending": [],
              "skipped": [],
              "duration": 13,
              "root": false,
              "rootEmpty": false,
              "_timeout": 2000
            }
          ],
          "passes": [],
          "failures": [],
          "pending": [],
          "skipped": [],
          "duration": 0,
          "root": false,
          "rootEmpty": false,
          "_timeout": 2000
        },
        {
          "uuid": "c3710e77-8931-4cdd-95df-97ff0861f2f3",
          "title": " compiler system ",
          "fullFile": "D:\\Historium Projects\\main branch\\api\\test\\compiler-test.js",
          "file": "\\test\\compiler-test.js",
          "beforeHooks": [
            {
              "title": "\"before all\" hook in \" compiler system \"",
              "fullTitle": " compiler system  \"before all\" hook in \" compiler system \"",
              "timedOut": false,
              "duration": 491,
              "state": null,
              "speed": null,
              "pass": false,
              "fail": false,
              "pending": false,
              "context": null,
              "code": "await mongoose\n\t.connect(process.env.TEST_CONNECTION_STRING)\n\t.catch(err => {\n\t\tconsole.log(`Failed to connect to database: ${err.message}`);\n\t});\n//#region add admin user to db and take token\nawait request(app).post('/signup').send(adminUser);\nawait mongoose.connection\n\t.collection('users')\n\t.updateOne(\n\t\t{ email: adminUser.email },\n\t\t{ $set: { role: 'admin' } }\n\t);\nconst userData = {\n\tlogin: adminUser.email,\n\tpassword: adminUser.password\n};\nuserToken += (await request(app).post('/login').send(userData))\n\t.body.token;\n//#endregion",
              "err": {},
              "uuid": "94328626-de8d-4d3a-94ca-a2d90b4c668b",
              "parentUUID": "c3710e77-8931-4cdd-95df-97ff0861f2f3",
              "isHook": true,
              "skipped": false
            }
          ],
          "afterHooks": [
            {
              "title": "\"after all\" hook in \" compiler system \"",
              "fullTitle": " compiler system  \"after all\" hook in \" compiler system \"",
              "timedOut": false,
              "duration": 17,
              "state": null,
              "speed": null,
              "pass": false,
              "fail": false,
              "pending": false,
              "context": null,
              "code": "await mongoose.connection.collection('compilers').deleteMany();\nawait mongoose.connection.collection('users').deleteMany();\nawait mongoose.connection.collection('carts').deleteMany();\nawait mongoose.connection.close();",
              "err": {},
              "uuid": "928df06a-0ecd-4e17-8215-99c693c779e3",
              "parentUUID": "c3710e77-8931-4cdd-95df-97ff0861f2f3",
              "isHook": true,
              "skipped": false
            }
          ],
          "tests": [],
          "suites": [
            {
              "uuid": "23fd0416-fd9e-4e4e-9243-7e3a8ea33dbb",
              "title": " POST \"/compiler/\" Create new compiler ",
              "fullFile": "D:\\Historium Projects\\main branch\\api\\test\\compiler-test.js",
              "file": "\\test\\compiler-test.js",
              "beforeHooks": [],
              "afterHooks": [],
              "tests": [
                {
                  "title": " Should create new compiler in database ",
                  "fullTitle": " compiler system   POST \"/compiler/\" Create new compiler   Should create new compiler in database ",
                  "timedOut": false,
                  "duration": 9,
                  "state": "passed",
                  "speed": "fast",
                  "pass": true,
                  "fail": false,
                  "pending": false,
                  "context": null,
                  "code": "const newCompiler = {\n\tfullName: 'John Smith',\n\tbooks: []\n};\nconst expectedFields = [\n\t'fullName',\n\t'books',\n\t'_id',\n\t'createdAt',\n\t'updatedAt'\n];\nawait request(app)\n\t.post('/compiler/')\n\t.set('Authorization', userToken)\n\t.send(newCompiler)\n\t.then(response => {\n\t\texpect(response.status).to.equal(201);\n\t\texpect(response.header['content-type']).to.include(\n\t\t\t'application/json'\n\t\t);\n\t\texpect(response.body).to.include.keys(...expectedFields);\n\t\tcompilerId = response.body._id;\n\t});",
[...]
          "fullFile": "D:\\Historium Projects\\main branch\\api\\test\\user-test.js",
          "file": "\\test\\user-test.js",
          "beforeHooks": [
            {
              "title": "\"before all\" hook in \"user system\"",
              "fullTitle": "user system \"before all\" hook in \"user system\"",
              "timedOut": false,
              "duration": 503,
              "state": null,
              "speed": null,
              "pass": false,
              "fail": false,
              "pending": false,
              "context": null,
              "code": "await mongoose\n\t.connect(process.env.TEST_CONNECTION_STRING)\n\t.catch(err => {\n\t\tconsole.log(`Failed to connect to database: ${err.message}`);\n\t});\n//#region add admin user to db and take token\nawait request(app).post('/signup').send(adminUser);\nawait mongoose.connection\n\t.collection('users')\n\t.updateOne(\n\t\t{ email: adminUser.email },\n\t\t{ $set: { role: 'admin' } }\n\t);\nconst userData = {\n\tlogin: adminUser.email,\n\tpassword: adminUser.password\n};\nuserToken += (await request(app).post('/login').send(userData))\n\t.body.token;\n//#endregion",
              "err": {},
              "uuid": "9f1ee34e-0ea6-464c-925c-a94fc4c913f6",
              "parentUUID": "405d2bad-740e-4f7a-960d-0c419e33e6f1",
              "isHook": true,
              "skipped": false
            }
          ],
          "afterHooks": [
            {
              "title": "\"after all\" hook in \"user system\"",
              "fullTitle": "user system \"after all\" hook in \"user system\"",
              "timedOut": false,
              "duration": 16,
              "state": null,
              "speed": null,
              "pass": false,
              "fail": false,
              "pending": false,
              "context": null,
              "code": "await mongoose.connection.collection('products').deleteMany();\nawait mongoose.connection.collection('producttypes').deleteMany();\nawait mongoose.connection.collection('sections').deleteMany();\nawait mongoose.connection.collection('users').deleteMany();\nawait mongoose.connection.collection('carts').deleteMany();\nawait mongoose.connection.close();",
              "err": {},
              "uuid": "7f4039c2-26b9-4c39-96d4-cff3ca03d787",
              "parentUUID": "405d2bad-740e-4f7a-960d-0c419e33e6f1",
              "isHook": true,
              "skipped": false
            }
          ],
          "tests": [],
          "suites": [
            {
              "uuid": "7d2563ab-544d-4152-9c8a-a187d5db92e3",
              "title": " GET \"/user/\" Get all users ",
              "fullFile": "D:\\Historium Projects\\main branch\\api\\test\\user-test.js",
              "file": "\\test\\user-test.js",
              "beforeHooks": [],
              "afterHooks": [],
              "tests": [
                {
                  "title": " Should return an array of users ",
                  "fullTitle": "user system  GET \"/user/\" Get all users   Should return an array of users ",
                  "timedOut": false,
                  "duration": 9,
                  "state": "passed",
                  "speed": "fast",
                  "pass": true,
                  "fail": false,
                  "pending": false,
                  "context": null,
                  "code": "await request(app)\n\t.get('/user/')\n\t.set('Authorization', userToken)\n\t.then(response => {\n\t\texpect(response.status).to.equal(200);\n\t\texpect(response.header['content-type']).to.include(\n\t\t\t'application/json'\n\t\t);\n\t\texpect(response.body).to.be.an('array');\n\t\tuserId = response.body[0]._id;\n\t});",
                  "err": {},
                  "uuid": "53efa207-79ac-4508-baa3-a6e49eff202a",
                  "parentUUID": "7d2563ab-544d-4152-9c8a-a187d5db92e3",
                  "isHook": false,
                  "skipped": false
                }
              ],
              "suites": [],
              "passes": [
                "53efa207-79ac-4508-baa3-a6e49eff202a"
              ],
              "failures": [],
              "pending": [],
              "skipped": [],
              "duration": 9,
              "root": false,
              "rootEmpty": false,
              "_timeout": 2000
            },
            {
              "uuid": "11439663-199f-4dab-87c2-48dfe5b6718b",
              "title": " GET \"/user/:id\" Get one user ",
              "fullFile": "D:\\Historium Projects\\main branch\\api\\test\\user-test.js",
              "file": "\\test\\user-test.js",
              "beforeHooks": [],
              "afterHooks": [],
              "tests": [
                {
                  "title": " Should return user by id ",
                  "fullTitle": "user system  GET \"/user/:id\" Get one user   Should return user by id ",
                  "timedOut": false,
                  "duration": 6,
                  "state": "passed",
                  "speed": "fast",
                  "pass": true,
                  "fail": false,
                  "pending": false,
                  "context": null,
                  "code": "const expectedFields = [\n\t'_id',\n\t'firstName',\n\t'lastName',\n\t'phoneNumber',\n\t'email',\n\t'role',\n\t'reviews',\n\t'wishlist',\n\t'createdAt',\n\t'updatedAt',\n\t'cart'\n];\nawait request(app)\n\t.get(`/user/${userId}`)\n\t.set('Authorization', userToken)\n\t.then(response => {\n\t\texpect(response.status).to.equal(200);\n\t\texpect(response.header['content-type']).to.include(\n\t\t\t'application/json'\n\t\t);\n\t\texpect(response.body).to.include.keys(...expectedFields);\n\t});",
                  "err": {},
                  "uuid": "24b9bd3e-8537-4202-a995-49aa9623d2a2",
                  "parentUUID": "11439663-199f-4dab-87c2-48dfe5b6718b",
                  "isHook": false,
                  "skipped": false
                }
              ],
              "suites": [],
              "passes": [
                "24b9bd3e-8537-4202-a995-49aa9623d2a2"
              ],
              "failures": [],
              "pending": [],
              "skipped": [],
              "duration": 6,
              "root": false,
              "rootEmpty": false,
              "_timeout": 2000
            },
            {
              "uuid": "a73f5b2d-d47a-4560-8140-e914ac6c9229",
              "title": " PATCH \"/user/:id\" Update one existing user ",
              "fullFile": "D:\\Historium Projects\\main branch\\api\\test\\user-test.js",
              "file": "\\test\\user-test.js",
              "beforeHooks": [],
              "afterHooks": [],
              "tests": [
                {
                  "title": " Should return the user with updated data ",
                  "fullTitle": "user system  PATCH \"/user/:id\" Update one existing user   Should return the user with updated data ",
                  "timedOut": false,
                  "duration": 9,
                  "state": "passed",
                  "speed": "fast",
                  "pass": true,
                  "fail": false,
                  "pending": false,
                  "context": null,
                  "code": "const newData = {\n\tfirstName: 'Артем',\n\tlastName: 'Желіковський'\n};\nawait request(app)\n\t.patch(`/user/${userId}`)\n\t.set('Authorization', userToken)\n\t.send(newData)\n\t.then(response => {\n\t\texpect(response.status).to.equal(200);\n\t\texpect(response.header['content-type']).to.include(\n\t\t\t'application/json'\n\t\t);\n\t\texpect(response.body.firstName).to.equal(newData.firstName);\n\t\texpect(response.body.lastName).to.equal(newData.lastName);\n\t});",
                  "err": {},
                  "uuid": "75739b5c-024f-4574-8a00-b9a8acad11b5",
                  "parentUUID": "a73f5b2d-d47a-4560-8140-e914ac6c9229",
                  "isHook": false,
                  "skipped": false
                }
              ],
              "suites": [],
              "passes": [
                "75739b5c-024f-4574-8a00-b9a8acad11b5"
              ],
              "failures": [],
              "pending": [],
              "skipped": [],
              "duration": 9,
              "root": false,
              "rootEmpty": false,
              "_timeout": 2000
            },
            {
              "uuid": "a9504846-75a9-4690-a013-0945e0377707",
              "title": " DELETE \"/user/:id\" Delete one user ",
              "fullFile": "D:\\Historium Projects\\main branch\\api\\test\\user-test.js",
              "file": "\\test\\user-test.js",
              "beforeHooks": [],
              "afterHooks": [],
              "tests": [
                {
                  "title": " Should mark the user as deleted via the \"deletedAt\" field, but not delete him ",
                  "fullTitle": "user system  DELETE \"/user/:id\" Delete one user   Should mark the user as deleted via the \"deletedAt\" field, but not delete him ",
                  "timedOut": false,
                  "duration": 12,
                  "state": "passed",
                  "speed": "fast",
                  "pass": true,
                  "fail": false,
                  "pending": false,
                  "context": null,
                  "code": "const newUser = {\n\tfirstName: 'Oleg',\n\tlastName: 'Smirniv',\n\tphoneNumber: '380957846372',\n\temail: 'lahefi3700@devswp.com',\n\tpassword: '41424344',\n\trole: 'user'\n};\nconst userId = (\n\tawait mongoose.connection\n\t\t.collection('users')\n\t\t.insertOne(newUser)\n).insertedId.toString();\nawait request(app)\n\t.delete(`/user/${userId}`)\n\t.set('Authorization', userToken)\n\t.then(async () => {\n\t\tconst deletedUser = await mongoose.connection\n\t\t\t.collection('users')\n\t\t\t.findOne({ email: 'lahefi3700@devswp.com' });\n\t\texpect(deletedUser).to.include.keys('deletedAt');\n\t});",
                  "err": {},
                  "uuid": "ea899df3-02ec-4501-9638-656e546a9ff0",
                  "parentUUID": "a9504846-75a9-4690-a013-0945e0377707",
                  "isHook": false,
                  "skipped": false
                }
              ],
              "suites": [],
              "passes": [
                "ea899df3-02ec-4501-9638-656e546a9ff0"
              ],
              "failures": [],
              "pending": [],
              "skipped": [],
              "duration": 12,
              "root": false,
              "rootEmpty": false,
              "_timeout": 2000
            },
            {
              "uuid": "f95cb952-181a-4c10-9636-d9ad365e0889",
              "title": " GET \"/user/account\" Get user account ",
              "fullFile": "D:\\Historium Projects\\main branch\\api\\test\\user-test.js",
              "file": "\\test\\user-test.js",
              "beforeHooks": [],
              "afterHooks": [],
              "tests": [
                {
                  "title": " Should return information about the authorized user ",
                  "fullTitle": "user system  GET \"/user/account\" Get user account   Should return information about the authorized user ",
                  "timedOut": false,
                  "duration": 6,
                  "state": "passed",
                  "speed": "fast",
                  "pass": true,
                  "fail": false,
                  "pending": false,
                  "context": null,
                  "code": "const expectedFields = [\n\t'_id',\n\t'firstName',\n\t'lastName',\n\t'phoneNumber',\n\t'email',\n\t'role',\n\t'reviews',\n\t'wishlist',\n\t'createdAt',\n\t'updatedAt',\n\t'cart'\n];\nawait request(app)\n\t.get(`/user/${userId}`)\n\t.set('Authorization', userToken)\n\t.then(response => {\n\t\texpect(response.status).to.equal(200);\n\t\texpect(response.header['content-type']).to.include(\n\t\t\t'application/json'\n\t\t);\n\t\texpect(response.body).to.include.keys(...expectedFields);\n\t});",
                  "err": {},
                  "uuid": "9e2bd182-b3f2-42c7-9bf3-965807811bcd",
                  "parentUUID": "f95cb952-181a-4c10-9636-d9ad365e0889",
                  "isHook": false,
                  "skipped": false
                }
              ],
              "suites": [],
              "passes": [
                "9e2bd182-b3f2-42c7-9bf3-965807811bcd"
              ],
              "failures": [],
              "pending": [],
              "skipped": [],
              "duration": 6,
              "root": false,
              "rootEmpty": false,
              "_timeout": 2000
            },
            {
              "uuid": "5d6ad73a-68db-492f-a185-08e307738093",
              "title": " POST \"/user/wishlist/\" Add product to user's wishlist ",
              "fullFile": "D:\\Historium Projects\\main branch\\api\\test\\user-test.js",
              "file": "\\test\\user-test.js",
              "beforeHooks": [],
              "afterHooks": [],
              "tests": [
                {
                  "title": " Should add product to wishlist ",
                  "fullTitle": "user system  POST \"/user/wishlist/\" Add product to user's wishlist   Should add product to wishlist ",
                  "timedOut": false,
                  "duration": 11,
                  "state": "passed",
                  "speed": "fast",
                  "pass": true,
                  "fail": false,
                  "pending": false,
                  "context": null,
                  "code": "//#region adding the necessary objects to the database\nconst productType = {\n\tname: 'Книга',\n\tkey: 'book'\n};\nconst productTypeId = (\n\tawait mongoose.connection\n\t\t.collection('producttypes')\n\t\t.insertOne(productType)\n).insertedId;\nconst section = {\n\tname: 'Фантастика',\n\tkey: 'fantastic',\n\tproducts: [],\n\tsections: []\n};\nconst sectionId = (\n\tawait mongoose.connection\n\t\t.collection('sections')\n\t\t.insertOne(section)\n).insertedId;\nconst product = {\n\tname: 'Збірка українських поезій',\n\ttype: productTypeId,\n\tprice: 99.99,\n\tquantity: 10,\n\tdescription:\n\t\t'\"Збірка українських поезій\" - поетичний скарб, що втілює красу та духовність української літератури.',\n\timages: ['image1.png'],\n\tsections: [sectionId],\n\tmodel: 'Book'\n};\nproductId = (\n\tawait mongoose.connection\n\t\t.collection('products')\n\t\t.insertOne(product)\n).insertedId;\n//#endregion\nconst requestBody = {\n\tproduct: productId\n};\nawait request(app)\n\t.post('/user/wishlist')\n\t.set('Authorization', userToken)\n\t.send(requestBody)\n\t.then(async response => {\n\t\texpect(response.status).to.equal(204);\n\t\tconst userWishlist = (\n\t\t\tawait mongoose.connection.collection('users').findOne()\n\t\t).wishlist;\n\t\texpect(\n\t\t\tuserWishlist.map(obj => obj.toString())\n\t\t).to.be.include(productId.toString());\n\t});",
                  "err": {},
                  "uuid": "5c41e9b5-24eb-45e5-9d77-818ee680dbc8",
                  "parentUUID": "5d6ad73a-68db-492f-a185-08e307738093",
                  "isHook": false,
                  "skipped": false
                }
              ],
              "suites": [],
              "passes": [
                "5c41e9b5-24eb-45e5-9d77-818ee680dbc8"
              ],
              "failures": [],
              "pending": [],
              "skipped": [],
              "duration": 11,
              "root": false,
              "rootEmpty": false,
              "_timeout": 2000
            },
            {
              "uuid": "5a7f7579-cd02-41ef-8d0d-fdf65bfec31a",
              "title": " DELETE \"/user/wishlist/\" Remove product from user's wishlist ",
              "fullFile": "D:\\Historium Projects\\main branch\\api\\test\\user-test.js",
              "file": "\\test\\user-test.js",
              "beforeHooks": [],
              "afterHooks": [],
              "tests": [
                {
                  "title": " Must remove product from wishlist ",
                  "fullTitle": "user system  DELETE \"/user/wishlist/\" Remove product from user's wishlist   Must remove product from wishlist ",
                  "timedOut": false,
                  "duration": 9,
                  "state": "passed",
                  "speed": "fast",
                  "pass": true,
                  "fail": false,
                  "pending": false,
                  "context": null,
                  "code": "const requestBody = {\n\tproduct: productId\n};\nawait request(app)\n\t.delete('/user/wishlist/')\n\t.set('Authorization', userToken)\n\t.send(requestBody)\n\t.then(async response => {\n\t\texpect(response.status).to.equal(204);\n\t\tconst userWishlist = (\n\t\t\tawait mongoose.connection.collection('users').findOne()\n\t\t).wishlist;\n\t\texpect(userWishlist).to.be.empty;\n\t});",
                  "err": {},
                  "uuid": "c0d46418-d040-41e6-8bd0-200870a345b7",
                  "parentUUID": "5a7f7579-cd02-41ef-8d0d-fdf65bfec31a",
                  "isHook": false,
                  "skipped": false
                }
              ],
              "suites": [],
              "passes": [
                "c0d46418-d040-41e6-8bd0-200870a345b7"
              ],
              "failures": [],
              "pending": [],
              "skipped": [],
              "duration": 9,
              "root": false,
              "rootEmpty": false,
              "_timeout": 2000
            },
            {
              "uuid": "19085c63-edac-4df0-adee-ea85b71bf3f3",
              "title": " GET \"/user/orders/\" Get all orders made by user ",
              "fullFile": "D:\\Historium Projects\\main branch\\api\\test\\user-test.js",
              "file": "\\test\\user-test.js",
              "beforeHooks": [],
              "afterHooks": [],
              "tests": [
                {
                  "title": " Should return an array of orders ",
                  "fullTitle": "user system  GET \"/user/orders/\" Get all orders made by user   Should return an array of orders ",
                  "timedOut": false,
                  "duration": 8,
                  "state": "passed",
                  "speed": "fast",
                  "pass": true,
                  "fail": false,
                  "pending": false,
                  "context": null,
                  "code": "await request(app)\n\t.get(`/user/orders/`)\n\t.set('Authorization', userToken)\n\t.then(response => {\n\t\texpect(response.status).to.equal(200);\n\t\texpect(response.header['content-type']).to.include(\n\t\t\t'application/json'\n\t\t);\n\t\texpect(response.body).to.be.an('array');\n\t});",
                  "err": {},
                  "uuid": "81b73b53-e4b0-4a38-a622-e98b4637b087",
                  "parentUUID": "19085c63-edac-4df0-adee-ea85b71bf3f3",
                  "isHook": false,
                  "skipped": false
                }
              ],
              "suites": [],
              "passes": [
                "81b73b53-e4b0-4a38-a622-e98b4637b087"
              ],
              "failures": [],
              "pending": [],
              "skipped": [],
              "duration": 8,
              "root": false,
              "rootEmpty": false,
              "_timeout": 2000
            }
          ],
          "passes": [],
          "failures": [],
          "pending": [],
          "skipped": [],
          "duration": 0,
          "root": false,
          "rootEmpty": false,
          "_timeout": 2000
        }
      ],
      "passes": [],
      "failures": [],
      "pending": [],
      "skipped": [],
      "duration": 0,
      "root": true,
      "rootEmpty": true,
      "_timeout": 2000
    }
  ],
  "meta": {
    "mocha": {
      "version": "10.2.0"
    },
    "mochawesome": {
      "options": {
        "quiet": false,
        "reportFilename": "mochawesome",
        "saveHtml": true,
        "saveJson": true,
        "consoleReporter": "spec",
        "useInlineDiffs": false,
        "code": true
      },
      "version": "7.1.3"
    },
    "marge": {
      "options": null,
      "version": "6.2.0"
    }
  }
}