{
  "stats": {
    "suites": 107,
    "tests": 90,
    "passes": 90,
    "pending": 0,
    "failures": 0,
    "start": "2023-07-14T18:04:25.141Z",
    "end": "2023-07-14T18:04:39.939Z",
    "duration": 14798,
    "testsRegistered": 90,
    "passPercent": 100,
    "pendingPercent": 0,
    "other": 0,
    "hasOther": false,
    "skipped": 0,
    "hasSkipped": false
  },
  "results": [
    {
      "uuid": "3b1c3b90-21b6-4042-bad5-ac6890d569f3",
      "title": "",
      "fullFile": "",
      "file": "",
      "beforeHooks": [],
      "afterHooks": [],
      "tests": [],
      "suites": [
        {
          "uuid": "e583f53e-6cd9-4c02-8a51-755fea1c07c2",
          "title": "auth system",
          "fullFile": "D:\\Historium Projects\\main branch\\api\\test\\auth-test.js",
          "file": "\\test\\auth-test.js",
          "beforeHooks": [
            {
              "title": "\"before all\" hook in \"auth system\"",
              "fullTitle": "auth system \"before all\" hook in \"auth system\"",
              "timedOut": false,
              "duration": 29,
              "state": null,
              "speed": null,
              "pass": false,
              "fail": false,
              "pending": false,
              "context": null,
              "code": "await mongoose\n\t.connect(process.env.TEST_CONNECTION_STRING)\n\t.catch(err => {\n\t\tconsole.log(`Failed to connect to database: ${err.message}`);\n\t});",
              "err": {},
              "uuid": "a4426095-584e-4b96-93ec-33bf6d69ae34",
              "parentUUID": "e583f53e-6cd9-4c02-8a51-755fea1c07c2",
              "isHook": true,
              "skipped": false
            }
          ],
          "afterHooks": [
            {
              "title": "\"after all\" hook in \"auth system\"",
              "fullTitle": "auth system \"after all\" hook in \"auth system\"",
              "timedOut": false,
              "duration": 8,
              "state": null,
              "speed": null,
              "pass": false,
              "fail": false,
              "pending": false,
              "context": null,
              "code": "await mongoose.connection.collection('users').deleteMany();\nawait mongoose.connection.collection('carts').deleteMany();\nawait mongoose.connection.close();",
              "err": {},
              "uuid": "c879b648-e60e-45ef-b565-002616549525",
              "parentUUID": "e583f53e-6cd9-4c02-8a51-755fea1c07c2",
              "isHook": true,
              "skipped": false
            }
          ],
          "tests": [],
          "suites": [
            {
              "uuid": "cde4155c-8d6f-4489-8c97-067e48189254",
              "title": " \"/signup\" Create new user ",
              "fullFile": "D:\\Historium Projects\\main branch\\api\\test\\auth-test.js",
              "file": "\\test\\auth-test.js",
              "beforeHooks": [],
              "afterHooks": [],
              "tests": [
                {
                  "title": "The data should be validated and the body of the created user should be returned",
                  "fullTitle": "auth system  \"/signup\" Create new user  The data should be validated and the body of the created user should be returned",
                  "timedOut": false,
                  "duration": 303,
                  "state": "passed",
                  "speed": "slow",
                  "pass": true,
                  "fail": false,
                  "pending": false,
                  "context": null,
                  "code": "const expectedFields = [\n\t'firstName',\n\t'lastName',\n\t'phoneNumber',\n\t'email',\n\t'role',\n\t'reviews',\n\t'_id',\n\t'createdAt',\n\t'updatedAt',\n\t'history',\n\t'wishlist',\n\t'waitlist'\n];\nawait request(app)\n\t.post('/signup')\n\t.send(adminUser)\n\t.then(async response => {\n\t\texpect(response.status).to.equal(201);\n\t\texpect(response.header['content-type']).to.include(\n\t\t\t'application/json'\n\t\t);\n\t\texpect(response.body).to.include.keys(...expectedFields);\n\t});",
                  "err": {},
                  "uuid": "34a89fca-b464-42da-9234-50b72868517c",
                  "parentUUID": "cde4155c-8d6f-4489-8c97-067e48189254",
                  "isHook": false,
                  "skipped": false
                }
              ],
              "suites": [],
              "passes": [
                "34a89fca-b464-42da-9234-50b72868517c"
              ],
              "failures": [],
              "pending": [],
              "skipped": [],
              "duration": 303,
              "root": false,
              "rootEmpty": false,
              "_timeout": 2000
            },
            {
              "uuid": "a19355cd-c43d-4ea9-853c-52739d007936",
              "title": " \"/login\" Login existing user ",
              "fullFile": "D:\\Historium Projects\\main branch\\api\\test\\auth-test.js",
              "file": "\\test\\auth-test.js",
              "beforeHooks": [],
              "afterHooks": [],
              "tests": [
                {
                  "title": "The password and login are correct, the token is returned",
                  "fullTitle": "auth system  \"/login\" Login existing user  The password and login are correct, the token is returned",
                  "timedOut": false,
                  "duration": 248,
                  "state": "passed",
                  "speed": "slow",
                  "pass": true,
                  "fail": false,
                  "pending": false,
                  "context": null,
                  "code": "const inputData = {\n\tlogin: adminUser.email,\n\tpassword: adminUser.password\n};\nawait request(app)\n\t.post('/login')\n\t.send(inputData)\n\t.then(response => {\n\t\texpect(response.status).to.equal(200);\n\t\texpect(response.header['content-type']).to.include(\n\t\t\t'application/json'\n\t\t);\n\t\texpect(response.body).to.include.keys('token');\n\t});",
                  "err": {},
                  "uuid": "cc66f4d0-9b49-4207-86e4-806b1d7109b3",
                  "parentUUID": "a19355cd-c43d-4ea9-853c-52739d007936",
                  "isHook": false,
                  "skipped": false
                }
              ],
              "suites": [],
              "passes": [
                "cc66f4d0-9b49-4207-86e4-806b1d7109b3"
              ],
              "failures": [],
              "pending": [],
              "skipped": [],
              "duration": 248,
              "root": false,
              "rootEmpty": false,
              "_timeout": 2000
            }
          ],
          "passes": [],
          "failures": [],
          "pending": [],
          "skipped": [],
          "duration": 0,
          "root": false,
          "rootEmpty": false,
          "_timeout": 2000
        },
        {
          "uuid": "f3bd57dd-0450-4357-a295-c86a8002b3e2",
          "title": " author system ",
          "fullFile": "D:\\Historium Projects\\main branch\\api\\test\\author-test.js",
          "file": "\\test\\author-test.js",
          "beforeHooks": [
            {
              "title": "\"before all\" hook in \" author system \"",
              "fullTitle": " author system  \"before all\" hook in \" author system \"",
              "timedOut": false,
              "duration": 510,
              "state": null,
              "speed": null,
              "pass": false,
              "fail": false,
              "pending": false,
              "context": null,
              "code": "await mongoose\n\t.connect(process.env.TEST_CONNECTION_STRING)\n\t.catch(err => {\n\t\tconsole.log(`Failed to connect to database: ${err.message}`);\n\t});\n//#region add admin user to db and take token\nawait request(app).post('/signup').send(adminUser);\nawait mongoose.connection\n\t.collection('users')\n\t.updateOne(\n\t\t{ email: adminUser.email },\n\t\t{ $set: { role: 'admin' } }\n\t);\nconst userData = {\n\tlogin: adminUser.email,\n\tpassword: adminUser.password\n};\nuserToken += (await request(app).post('/login').send(userData))\n\t.body.token;\n//#endregion",
              "err": {},
              "uuid": "2b469409-9653-4291-8f3f-bad39557cdd6",
              "parentUUID": "f3bd57dd-0450-4357-a295-c86a8002b3e2",
              "isHook": true,
              "skipped": false
            }
          ],
          "afterHooks": [
            {
              "title": "\"after all\" hook in \" author system \"",
              "fullTitle": " author system  \"after all\" hook in \" author system \"",
              "timedOut": false,
              "duration": 4,
              "state": null,
              "speed": null,
              "pass": false,
              "fail": false,
              "pending": false,
              "context": null,
              "code": "await mongoose.connection.collection('authors').deleteMany();\nawait mongoose.connection.collection('users').deleteMany();\nawait mongoose.connection.collection('carts').deleteMany();\nawait mongoose.connection.close();",
              "err": {},
              "uuid": "6dad5cef-5cd3-4959-896e-e60697857177",
              "parentUUID": "f3bd57dd-0450-4357-a295-c86a8002b3e2",
              "isHook": true,
              "skipped": false
            }
          ],
          "tests": [],
          "suites": [
            {
              "uuid": "a8af0ce5-a0b6-45f4-b3b0-41f898221e1a",
              "title": " POST \"/author/\" Create new author ",
              "fullFile": "D:\\Historium Projects\\main branch\\api\\test\\author-test.js",
              "file": "\\test\\author-test.js",
              "beforeHooks": [],
              "afterHooks": [],
              "tests": [
                {
                  "title": " Shoud create new author in database ",
                  "fullTitle": " author system   POST \"/author/\" Create new author   Shoud create new author in database ",
                  "timedOut": false,
                  "duration": 11,
                  "state": "passed",
                  "speed": "fast",
                  "pass": true,
                  "fail": false,
                  "pending": false,
                  "context": null,
                  "code": "const newAuthor = {\n\tfullName: 'John Smith',\n\tbiography:\n\t\t'Lorem ipsum dolor sit amet, consectetur adipiscing elit.',\n\tbooks: [],\n\tpictures: ['picture1.jpg', 'picture2.jpg']\n};\nconst expectedFields = [\n\t'fullName',\n\t'biography',\n\t'books',\n\t'_id',\n\t'pictures',\n\t'createdAt',\n\t'updatedAt'\n];\nawait request(app)\n\t.post('/author/')\n\t.set('Authorization', userToken)\n\t.send(newAuthor)\n\t.then(response => {\n\t\texpect(response.status).to.equal(201);\n\t\texpect(response.header['content-type']).to.include(\n\t\t\t'application/json'\n\t\t);\n\t\texpect(response.body).to.include.keys(...expectedFields);\n\t\tauthorId = response.body._id;\n\t});",
                  "err": {},
                  "uuid": "c121f37d-af18-4995-bd68-1031910ec1f7",
                  "parentUUID": "a8af0ce5-a0b6-45f4-b3b0-41f898221e1a",
                  "isHook": false,
                  "skipped": false
                }
              ],
              "suites": [],
              "passes": [
                "c121f37d-af18-4995-bd68-1031910ec1f7"
              ],
              "failures": [],
              "pending": [],
              "skipped": [],
              "duration": 11,
              "root": false,
              "rootEmpty": false,
              "_timeout": 2000
            },
            {
              "uuid": "f77afe4d-9cc7-4794-b873-8d38b66575f1",
              "title": " GET \"/author/\" Get all authors ",
              "fullFile": "D:\\Historium Projects\\main branch\\api\\test\\author-test.js",
              "file": "\\test\\author-test.js",
              "beforeHooks": [],
              "afterHooks": [],
              "tests": [
                {
                  "title": " Should return all authors ",
                  "fullTitle": " author system   GET \"/author/\" Get all authors   Should return all authors ",
                  "timedOut": false,
                  "duration": 8,
                  "state": "passed",
                  "speed": "fast",
                  "pass": true,
                  "fail": false,
                  "pending": false,
                  "context": null,
                  "code": "await request(app)\n\t.get('/author/')\n\t.set('Authorization', userToken)\n\t.then(response => {\n\t\texpect(response.status).to.equal(200);\n\t\texpect(response.header['content-type']).to.include(\n\t\t\t'application/json'\n\t\t);\n\t\texpect(response.body).to.be.an('array');\n\t});",
                  "err": {},
                  "uuid": "a5a28085-3dad-4b90-9a15-e4e2cd9d109b",
                  "parentUUID": "f77afe4d-9cc7-4794-b873-8d38b66575f1",
                  "isHook": false,
                  "skipped": false
                }
              ],
              "suites": [],
              "passes": [
                "a5a28085-3dad-4b90-9a15-e4e2cd9d109b"
              ],
              "failures": [],
              "pending": [],
              "skipped": [],
              "duration": 8,
              "root": false,
              "rootEmpty": false,
              "_timeout": 2000
            },
            {
              "uuid": "7ff72e11-fda7-4f1c-81c3-3e28ae1a98f7",
              "title": " GET \"/author/:id\" Get one author ",
              "fullFile": "D:\\Historium Projects\\main branch\\api\\test\\author-test.js",
              "file": "\\test\\author-test.js",
              "beforeHooks": [],
              "afterHooks": [],
              "tests": [
                {
                  "title": " Should return one author by id ",
                  "fullTitle": " author system   GET \"/author/:id\" Get one author   Should return one author by id ",
                  "timedOut": false,
                  "duration": 5,
                  "state": "passed",
                  "speed": "fast",
                  "pass": true,
                  "fail": false,
                  "pending": false,
                  "context": null,
                  "code": "const expectedFields = [\n\t'fullName',\n\t'biography',\n\t'books',\n\t'_id',\n\t'pictures',\n\t'createdAt',\n\t'updatedAt'\n];\nawait request(app)\n\t.get(`/author/${authorId}`)\n\t.set('Authorization', userToken)\n\t.then(response => {\n\t\texpect(response.status).to.equal(200);\n\t\texpect(response.header['content-type']).to.include(\n\t\t\t'application/json'\n\t\t);\n\t\texpect(response.body).to.include.keys(...expectedFields);\n\t});",
                  "err": {},
                  "uuid": "ee47bab8-52a8-4d12-9bc4-5ab11349b5d6",
                  "parentUUID": "7ff72e11-fda7-4f1c-81c3-3e28ae1a98f7",
                  "isHook": false,
                  "skipped": false
                }
              ],
              "suites": [],
              "passes": [
                "ee47bab8-52a8-4d12-9bc4-5ab11349b5d6"
              ],
              "failures": [],
              "pending": [],
              "skipped": [],
              "duration": 5,
              "root": false,
              "rootEmpty": false,
              "_timeout": 2000
            },
            {
              "uuid": "21031a32-7443-4833-8e4e-fd2aefd78dcc",
              "title": " PATCH \"/author/:id\" Update one existing author ",
              "fullFile": "D:\\Historium Projects\\main branch\\api\\test\\author-test.js",
              "file": "\\test\\author-test.js",
              "beforeHooks": [],
              "afterHooks": [],
              "tests": [
                {
                  "title": " Should return one author with updated data ",
                  "fullTitle": " author system   PATCH \"/author/:id\" Update one existing author   Should return one author with updated data ",
                  "timedOut": false,
                  "duration": 12,
                  "state": "passed",
                  "speed": "fast",
                  "pass": true,
                  "fail": false,
                  "pending": false,
                  "context": null,
                  "code": "const updatedAuthorData = {\n\tfullName: \"Ім'ян Прізвиськов\",\n\tpictures: ['url-to-new-picture', 'url-to-another-new-picture']\n};\nawait request(app)\n\t.patch(`/author/${authorId}`)\n\t.set('Authorization', userToken)\n\t.send(updatedAuthorData)\n\t.then(response => {\n\t\texpect(response.status).to.equal(200);\n\t\texpect(response.header['content-type']).to.include(\n\t\t\t'application/json'\n\t\t);\n\t\texpect(response.body.fullName).to.equal(\n\t\t\t\"Ім'ян Прізвиськов\"\n\t\t);\n\t\texpect(response.body.pictures).to.includes(\n\t\t\t'url-to-new-picture',\n\t\t\t'url-to-another-new-picture'\n\t\t);\n\t});",
                  "err": {},
                  "uuid": "5f3e343a-cc6a-48d7-9ab1-ba25d7c770ae",
                  "parentUUID": "21031a32-7443-4833-8e4e-fd2aefd78dcc",
                  "isHook": false,
                  "skipped": false
                }
              ],
              "suites": [],
              "passes": [
                "5f3e343a-cc6a-48d7-9ab1-ba25d7c770ae"
              ],
              "failures": [],
              "pending": [],
              "skipped": [],
              "duration": 12,
              "root": false,
              "rootEmpty": false,
              "_timeout": 2000
            },
            {
              "uuid": "8066d0f8-1e7c-42f7-b815-712bca70c6d1",
              "title": " DELETE \"/author/:id\" Delete one author ",
              "fullFile": "D:\\Historium Projects\\main branch\\api\\test\\author-test.js",
              "file": "\\test\\author-test.js",
              "beforeHooks": [],
              "afterHooks": [],
              "tests": [
                {
                  "title": " Should mark author as deleted via the \"deletedAt\" field, but not delete. ",
                  "fullTitle": " author system   DELETE \"/author/:id\" Delete one author   Should mark author as deleted via the \"deletedAt\" field, but not delete. ",
                  "timedOut": false,
                  "duration": 13,
                  "state": "passed",
                  "speed": "fast",
                  "pass": true,
                  "fail": false,
                  "pending": false,
                  "context": null,
                  "code": "await request(app)\n\t.delete(`/author/${authorId}`)\n\t.set('Authorization', userToken)\n\t.then(async response => {\n\t\texpect(response.status).to.be.equal(204);\n\t\tconst author = await mongoose.connection\n\t\t\t.collection('authors')\n\t\t\t.findOne({});\n\t\texpect(author.deletedAt).to.not.be.null;\n\t});",
                  "err": {},
                  "uuid": "d2084823-a713-42b5-8634-067d436c61c8",
                  "parentUUID": "8066d0f8-1e7c-42f7-b815-712bca70c6d1",
                  "isHook": false,
                  "skipped": false
                }
              ],
              "suites": [],
              "passes": [
                "d2084823-a713-42b5-8634-067d436c61c8"
              ],
              "failures": [],
              "pending": [],
              "skipped": [],
              "duration": 13,
              "root": false,
              "rootEmpty": false,
              "_timeout": 2000
            }
          ],
          "passes": [],
          "failures": [],
          "pending": [],
          "skipped": [],
          "duration": 0,
          "root": false,
          "rootEmpty": false,
          "_timeout": 2000
        },
        {
          "uuid": "cdb6f921-4ba8-4423-aa33-386756e215be",
          "title": " banner system ",
          "fullFile": "D:\\Historium Projects\\main branch\\api\\test\\banner-test.js",
          "file": "\\test\\banner-test.js",
          "beforeHooks": [
            {
              "title": "\"before all\" hook in \" banner system \"",
              "fullTitle": " banner system  \"before all\" hook in \" banner system \"",
              "timedOut": false,
              "duration": 5,
              "state": null,
              "speed": null,
              "pass": false,
              "fail": false,
              "pending": false,
              "context": null,
              "code": "await mongoose\n\t.connect(process.env.TEST_CONNECTION_STRING)\n\t.catch(err => {\n\t\tconsole.log(`Failed to connect to database: ${err.message}`);\n\t});",
              "err": {},
              "uuid": "8a5c7207-7d9a-41ae-a7e9-172d0cbfaf30",
              "parentUUID": "cdb6f921-4ba8-4423-aa33-386756e215be",
              "isHook": true,
              "skipped": false
            },
            {
              "title": "\"before each\" hook in \" banner system \"",
              "fullTitle": " banner system  \"before each\" hook in \" banner system \"",
              "timedOut": false,
              "duration": 5,
              "state": null,
              "speed": null,
              "pass": false,
              "fail": false,
              "pending": false,
              "context": null,
              "code": "const userData = {\n\tlogin: 'dobriy.edu@gmail.com',\n\tpassword: '41424344'\n};\nuserToken += (await request(app).post('/login').send(userData))\n\t.body.token;",
              "err": {},
              "uuid": "5d8b3261-f935-4a77-b731-e94ae78fabf4",
              "parentUUID": "cdb6f921-4ba8-4423-aa33-386756e215be",
              "isHook": true,
              "skipped": false
            }
          ],
          "afterHooks": [
            {
              "title": "\"after all\" hook in \" banner system \"",
              "fullTitle": " banner system  \"after all\" hook in \" banner system \"",
              "timedOut": false,
              "duration": 6,
              "state": null,
              "speed": null,
              "pass": false,
              "fail": false,
              "pending": false,
              "context": null,
              "code": "await mongoose.connection.collection('banners').deleteMany();\nawait mongoose.connection.close();",
              "err": {},
              "uuid": "2480bdb9-4250-4dcc-bdd6-8f4105988da4",
              "parentUUID": "cdb6f921-4ba8-4423-aa33-386756e215be",
              "isHook": true,
              "skipped": false
            },
            {
              "title": "\"after each\" hook in \" banner system \"",
              "fullTitle": " banner system  \"after each\" hook in \" banner system \"",
              "timedOut": false,
              "duration": 0,
              "state": null,
              "speed": null,
              "pass": false,
              "fail": false,
              "pending": false,
              "context": null,
              "code": "userToken = 'Bearer ';",
              "err": {},
              "uuid": "b27177e8-a02d-4819-be3e-70b907c3f9a1",
              "parentUUID": "cdb6f921-4ba8-4423-aa33-386756e215be",
              "isHook": true,
              "skipped": false
            }
          ],
          "tests": [],
          "suites": [
            {
              "uuid": "417992d1-40b9-4bd2-aa05-e4c26aa4aba7",
              "title": " \"/banner/\" POST request ",
              "fullFile": "D:\\Historium Projects\\main branch\\api\\test\\banner-test.js",
              "file": "\\test\\banner-test.js",
              "beforeHooks": [],
              "afterHooks": [],
              "tests": [
                {
                  "title": " the banner data is correct; the new banner object is returned ",
                  "fullTitle": " banner system   \"/banner/\" POST request   the banner data is correct; the new banner object is returned ",
                  "timedOut": false,
                  "duration": 0,
                  "state": "passed",
                  "speed": "fast",
                  "pass": true,
                  "fail": false,
                  "pending": false,
                  "context": null,
                  "code": "",
                  "err": {},
                  "uuid": "3c0318c5-f451-429e-9472-c058e35f80d0",
                  "parentUUID": "417992d1-40b9-4bd2-aa05-e4c26aa4aba7",
                  "isHook": false,
                  "skipped": false
                }
              ],
              "suites": [],
              "passes": [
                "3c0318c5-f451-429e-9472-c058e35f80d0"
              ],
              "failures": [],
              "pending": [],
              "skipped": [],
              "duration": 0,
              "root": false,
              "rootEmpty": false,
              "_timeout": 2000
            },
            {
              "uuid": "5cd0ed53-8fae-48bb-92ed-7a05c282057b",
              "title": " \"/banner/\" GET request ",
              "fullFile": "D:\\Historium Projects\\main branch\\api\\test\\banner-test.js",
              "file": "\\test\\banner-test.js",
              "beforeHooks": [],
              "afterHooks": [],
              "tests": [
                {
                  "title": " should return an array of banners ",
                  "fullTitle": " banner system   \"/banner/\" GET request   should return an array of banners ",
                  "timedOut": false,
                  "duration": 0,
                  "state": "passed",
                  "speed": "fast",
                  "pass": true,
                  "fail": false,
                  "pending": false,
                  "context": null,
                  "code": "",
                  "err": {},
                  "uuid": "378289e6-1612-4122-b60f-577107e0d0e2",
                  "parentUUID": "5cd0ed53-8fae-48bb-92ed-7a05c282057b",
                  "isHook": false,
                  "skipped": false
                }
              ],
              "suites": [],
              "passes": [
                "378289e6-1612-4122-b60f-577107e0d0e2"
              ],
              "failures": [],
              "pending": [],
              "skipped": [],
              "duration": 0,
              "root": false,
              "rootEmpty": false,
              "_timeout": 2000
            },
            {
              "uuid": "441c0ae1-3f8e-4dc9-99ce-ebc810a01767",
              "title": " \"/banner/:id\" GET request ",
              "fullFile": "D:\\Historium Projects\\main branch\\api\\test\\banner-test.js",
              "file": "\\test\\banner-test.js",
              "beforeHooks": [],
              "afterHooks": [],
              "tests": [
                {
                  "title": " should return banner object",
                  "fullTitle": " banner system   \"/banner/:id\" GET request   should return banner object",
                  "timedOut": false,
                  "duration": 0,
                  "state": "passed",
                  "speed": "fast",
                  "pass": true,
                  "fail": false,
                  "pending": false,
                  "context": null,
                  "code": "",
                  "err": {},
                  "uuid": "7787fc48-f06d-4062-b134-67d829a6cf08",
                  "parentUUID": "441c0ae1-3f8e-4dc9-99ce-ebc810a01767",
                  "isHook": false,
                  "skipped": false
                }
              ],
              "suites": [],
              "passes": [
                "7787fc48-f06d-4062-b134-67d829a6cf08"
              ],
              "failures": [],
              "pending": [],
              "skipped": [],
              "duration": 0,
              "root": false,
              "rootEmpty": false,
              "_timeout": 2000
            },
            {
              "uuid": "d3a1801f-63e5-454c-9530-ded62a375e94",
              "title": " \"/banner/:id\" PATCH request ",
              "fullFile": "D:\\Historium Projects\\main branch\\api\\test\\banner-test.js",
              "file": "\\test\\banner-test.js",
              "beforeHooks": [],
              "afterHooks": [],
              "tests": [
                {
                  "title": " correct values are sent; the changed banner object is returned ",
                  "fullTitle": " banner system   \"/banner/:id\" PATCH request   correct values are sent; the changed banner object is returned ",
                  "timedOut": false,
                  "duration": 0,
                  "state": "passed",
                  "speed": "fast",
                  "pass": true,
                  "fail": false,
                  "pending": false,
                  "context": null,
                  "code": "",
                  "err": {},
                  "uuid": "b8a5f77c-37d2-40a2-b57f-3fe53172ad68",
                  "parentUUID": "d3a1801f-63e5-454c-9530-ded62a375e94",
                  "isHook": false,
                  "skipped": false
                }
              ],
              "suites": [],
              "passes": [
                "b8a5f77c-37d2-40a2-b57f-3fe53172ad68"
              ],
              "failures": [],
              "pending": [],
              "skipped": [],
              "duration": 0,
              "root": false,
              "rootEmpty": false,
              "_timeout": 2000
            },
            {
              "uuid": "53964120-2b95-4ecd-948a-ce80e50e8947",
              "title": " \"/banner/:id\" DELETE request ",
              "fullFile": "D:\\Historium Projects\\main branch\\api\\test\\banner-test.js",
              "file": "\\test\\banner-test.js",
              "beforeHooks": [],
              "afterHooks": [],
              "tests": [
                {
                  "title": " should set the \"deletedAt\" field. the object must be removed from the database ",
                  "fullTitle": " banner system   \"/banner/:id\" DELETE request   should set the \"deletedAt\" field. the object must be removed from the database ",
                  "timedOut": false,
                  "duration": 0,
                  "state": "passed",
                  "speed": "fast",
                  "pass": true,
                  "fail": false,
                  "pending": false,
                  "context": null,
                  "code": "",
                  "err": {},
                  "uuid": "1d09cd8a-9ce2-405c-a2fb-0149e5ab2fff",
                  "parentUUID": "53964120-2b95-4ecd-948a-ce80e50e8947",
                  "isHook": false,
                  "skipped": false
                }
              ],
              "suites": [],
              "passes": [
                "1d09cd8a-9ce2-405c-a2fb-0149e5ab2fff"
              ],
              "failures": [],
              "pending": [],
              "skipped": [],
              "duration": 0,
              "root": false,
              "rootEmpty": false,
              "_timeout": 2000
            }
          ],
          "passes": [],
          "failures": [],
          "pending": [],
          "skipped": [],
          "duration": 0,
          "root": false,
          "rootEmpty": false,
          "_timeout": 2000
        },
        {
          "uuid": "6d1d0381-fb0a-4de7-87cc-692fc8db6461",
          "title": " book-series system ",
          "fullFile": "D:\\Historium Projects\\main branch\\api\\test\\book-series-test.js",
          "file": "\\test\\book-series-test.js",
          "beforeHooks": [
            {
              "title": "\"before all\" hook in \" book-series system \"",
              "fullTitle": " book-series system  \"before all\" hook in \" book-series system \"",
              "timedOut": false,
              "duration": 490,
              "state": null,
              "speed": null,
              "pass": false,
              "fail": false,
              "pending": false,
              "context": null,
              "code": "await mongoose\n\t.connect(process.env.TEST_CONNECTION_STRING)\n\t.catch(err => {\n\t\tconsole.log(`Failed to connect to database: ${err.message}`);\n\t});\n//#region add admin user to db and take token\nawait request(app).post('/signup').send(adminUser);\nawait mongoose.connection\n\t.collection('users')\n\t.updateOne(\n\t\t{ email: adminUser.email },\n\t\t{ $set: { role: 'admin' } }\n\t);\nconst userData = {\n\tlogin: adminUser.email,\n\tpassword: adminUser.password\n};\nuserToken += (await request(app).post('/login').send(userData))\n\t.body.token;\n//#endregion",
              "err": {},
              "uuid": "e58a71ba-3c6b-4629-9112-de6e559715c7",
              "parentUUID": "6d1d0381-fb0a-4de7-87cc-692fc8db6461",
              "isHook": true,
              "skipped": false
            }
          ],
          "afterHooks": [
            {
              "title": "\"after all\" hook in \" book-series system \"",
              "fullTitle": " book-series system  \"after all\" hook in \" book-series system \"",
              "timedOut": false,
              "duration": 8,
              "state": null,
              "speed": null,
              "pass": false,
              "fail": false,
              "pending": false,
              "context": null,
              "code": "await mongoose.connection.collection('bookseries').deleteMany();\nawait mongoose.connection.collection('publishers').deleteMany();\nawait mongoose.connection.collection('users').deleteMany();\nawait mongoose.connection.collection('carts').deleteMany();\nawait mongoose.connection.close();",
              "err": {},
              "uuid": "96ae4ada-a8f5-490a-bce9-e802fc7fec18",
              "parentUUID": "6d1d0381-fb0a-4de7-87cc-692fc8db6461",
              "isHook": true,
              "skipped": false
            }
          ],
          "tests": [],
          "suites": [
            {
              "uuid": "77bff9ed-f533-496c-9604-b4e6f1af9828",
              "title": " POST \"/book-series/\" Create new book series ",
              "fullFile": "D:\\Historium Projects\\main branch\\api\\test\\book-series-test.js",
              "file": "\\test\\book-series-test.js",
              "beforeHooks": [],
              "afterHooks": [],
              "tests": [
                {
                  "title": " Should create new book series in database ",
                  "fullTitle": " book-series system   POST \"/book-series/\" Create new book series   Should create new book series in database ",
                  "timedOut": false,
                  "duration": 25,
                  "state": "passed",
                  "speed": "fast",
                  "pass": true,
                  "fail": false,
                  "pending": false,
                  "context": null,
                  "code": "//#region adding the necessary objects to the database\nconst Publisher = {\n\tname: 'Новий Вік',\n\tbooks: [],\n\tbookSeries: [],\n\tdescription:\n\t\t'Видавництво, спеціалізуючеся на публікації літератури різних жанрів',\n\tlogo: 'https://example.com/logo.png'\n};\nconst publisherId = (\n\tawait request(app)\n\t\t.post('/publisher/')\n\t\t.set('Authorization', userToken)\n\t\t.send(Publisher)\n).body._id;\n//#endregion\nconst newBookSeries = {\n\tname: 'Українська класика',\n\tpublisher: publisherId,\n\tbooks: []\n};\nconst expectedFields = [\n\t'name',\n\t'publisher',\n\t'books',\n\t'_id',\n\t'createdAt',\n\t'updatedAt'\n];\nawait request(app)\n\t.post('/book-series/')\n\t.set('Authorization', userToken)\n\t.send(newBookSeries)\n\t.then(response => {\n\t\texpect(response.status).to.equal(201);\n\t\texpect(response.header['content-type']).to.include(\n\t\t\t'application/json'\n\t\t);\n\t\texpect(response.body).to.include.keys(...expectedFields);\n\t\tbookSeriesId = response.body._id;\n\t});",
                  "err": {},
                  "uuid": "ecd890d8-1e34-45a1-b69a-c53b6c130faf",
                  "parentUUID": "77bff9ed-f533-496c-9604-b4e6f1af9828",
                  "isHook": false,
                  "skipped": false
                }
              ],
              "suites": [],
              "passes": [
                "ecd890d8-1e34-45a1-b69a-c53b6c130faf"
              ],
              "failures": [],
              "pending": [],
              "skipped": [],
              "duration": 25,
              "root": false,
              "rootEmpty": false,
              "_timeout": 2000
            },
            {
              "uuid": "53522299-542f-4801-b8af-88ffd4ae031f",
              "title": " GET \"/book-series/\" Get all book series ",
              "fullFile": "D:\\Historium Projects\\main branch\\api\\test\\book-series-test.js",
              "file": "\\test\\book-series-test.js",
              "beforeHooks": [],
              "afterHooks": [],
              "tests": [
                {
                  "title": " Should return all book series ",
                  "fullTitle": " book-series system   GET \"/book-series/\" Get all book series   Should return all book series ",
                  "timedOut": false,
                  "duration": 6,
                  "state": "passed",
                  "speed": "fast",
                  "pass": true,
                  "fail": false,
                  "pending": false,
                  "context": null,
                  "code": "await request(app)\n\t.get('/book-series/')\n\t.set('Authorization', userToken)\n\t.then(response => {\n\t\texpect(response.status).to.equal(200);\n\t\texpect(response.header['content-type']).to.include(\n\t\t\t'application/json'\n\t\t);\n\t\texpect(response.body).to.be.an('array');\n\t});",
                  "err": {},
                  "uuid": "82793e08-ae87-421a-a5a9-cd2efe12f3c6",
                  "parentUUID": "53522299-542f-4801-b8af-88ffd4ae031f",
                  "isHook": false,
                  "skipped": false
                }
              ],
              "suites": [],
              "passes": [
                "82793e08-ae87-421a-a5a9-cd2efe12f3c6"
              ],
              "failures": [],
              "pending": [],
              "skipped": [],
              "duration": 6,
              "root": false,
              "rootEmpty": false,
              "_timeout": 2000
            },
            {
              "uuid": "6ae4a946-0f26-4a1c-9991-546357998201",
              "title": " GET \"/book-series/:id\" Get one book series ",
              "fullFile": "D:\\Historium Projects\\main branch\\api\\test\\book-series-test.js",
              "file": "\\test\\book-series-test.js",
              "beforeHooks": [],
              "afterHooks": [],
              "tests": [
                {
                  "title": " Should return one book series by id ",
                  "fullTitle": " book-series system   GET \"/book-series/:id\" Get one book series   Should return one book series by id ",
                  "timedOut": false,
                  "duration": 5,
                  "state": "passed",
                  "speed": "fast",
                  "pass": true,
                  "fail": false,
                  "pending": false,
                  "context": null,
                  "code": "const expectedFields = [\n\t'name',\n\t'publisher',\n\t'books',\n\t'_id',\n\t'createdAt',\n\t'updatedAt'\n];\nawait request(app)\n\t.get(`/book-series/${bookSeriesId}`)\n\t.set('Authorization', userToken)\n\t.then(response => {\n\t\texpect(response.status).to.equal(200);\n\t\texpect(response.header['content-type']).to.include(\n\t\t\t'application/json'\n\t\t);\n\t\texpect(response.body).to.include.keys(...expectedFields);\n\t});",
                  "err": {},
                  "uuid": "9cec37f5-7f40-47d9-9068-7c065306ab87",
                  "parentUUID": "6ae4a946-0f26-4a1c-9991-546357998201",
                  "isHook": false,
                  "skipped": false
                }
              ],
              "suites": [],
              "passes": [
                "9cec37f5-7f40-47d9-9068-7c065306ab87"
              ],
              "failures": [],
              "pending": [],
              "skipped": [],
              "duration": 5,
              "root": false,
              "rootEmpty": false,
              "_timeout": 2000
            },
            {
              "uuid": "433b183f-8267-4d77-a512-8c22f65f76a3",
              "title": " PATCH \"/book-series/:id\" Update one existing book series ",
              "fullFile": "D:\\Historium Projects\\main branch\\api\\test\\book-series-test.js",
              "file": "\\test\\book-series-test.js",
              "beforeHooks": [],
              "afterHooks": [],
              "tests": [
                {
                  "title": " Should return one book series with updated data ",
                  "fullTitle": " book-series system   PATCH \"/book-series/:id\" Update one existing book series   Should return one book series with updated data ",
                  "timedOut": false,
                  "duration": 17,
                  "state": "passed",
                  "speed": "fast",
                  "pass": true,
                  "fail": false,
                  "pending": false,
                  "context": null,
                  "code": "const updatedBookSeries = {\n\tname: 'Українська класика *updated'\n};\nawait request(app)\n\t.patch(`/book-series/${bookSeriesId}`)\n\t.set('Authorization', userToken)\n\t.send(updatedBookSeries)\n\t.then(response => {\n\t\texpect(response.status).to.equal(200);\n\t\texpect(response.header['content-type']).to.include(\n\t\t\t'application/json'\n\t\t);\n\t\texpect(response.body.name).to.equal(\n\t\t\t'Українська класика *updated'\n\t\t);\n\t});",
                  "err": {},
                  "uuid": "6a00bed2-e325-48ab-9b22-64c536bb5099",
                  "parentUUID": "433b183f-8267-4d77-a512-8c22f65f76a3",
                  "isHook": false,
                  "skipped": false
                }
              ],
              "suites": [],
              "passes": [
                "6a00bed2-e325-48ab-9b22-64c536bb5099"
              ],
              "failures": [],
              "pending": [],
              "skipped": [],
              "duration": 17,
              "root": false,
              "rootEmpty": false,
              "_timeout": 2000
            },
            {
              "uuid": "b5680b7a-f51b-4adf-97f7-9dfdc692f7f7",
              "title": " DELETE \"/book-series/:id\" Delete one book series ",
              "fullFile": "D:\\Historium Projects\\main branch\\api\\test\\book-series-test.js",
              "file": "\\test\\book-series-test.js",
              "beforeHooks": [],
              "afterHooks": [],
              "tests": [
                {
                  "title": " Should mark book series as deleted via the \"deletedAt\" field, but not delete ",
                  "fullTitle": " book-series system   DELETE \"/book-series/:id\" Delete one book series   Should mark book series as deleted via the \"deletedAt\" field, but not delete ",
                  "timedOut": false,
                  "duration": 13,
                  "state": "passed",
                  "speed": "fast",
                  "pass": true,
                  "fail": false,
                  "pending": false,
                  "context": null,
                  "code": "await request(app)\n\t.delete(`/book-series/${bookSeriesId}`)\n\t.set('Authorization', userToken)\n\t.then(async response => {\n\t\texpect(response.status).to.be.equal(204);\n\t\tconst deletedBookSeries = await mongoose.connection\n\t\t\t.collection('bookseries')\n\t\t\t.findOne({});\n\t\texpect(deletedBookSeries.deletedAt).to.not.be.null;\n\t\tconst publisher = await mongoose.connection\n\t\t\t.collection('publishers')\n\t\t\t.findOne({});\n\t\texpect(publisher.bookSeries).to.be.empty;\n\t});",
                  "err": {},
                  "uuid": "5a161f62-0be3-477a-964b-bb07569bdae4",
                  "parentUUID": "b5680b7a-f51b-4adf-97f7-9dfdc692f7f7",
                  "isHook": false,
                  "skipped": false
                }
              ],
              "suites": [],
              "passes": [
                "5a161f62-0be3-477a-964b-bb07569bdae4"
              ],
              "failures": [],
              "pending": [],
              "skipped": [],
              "duration": 13,
              "root": false,
              "rootEmpty": false,
              "_timeout": 2000
            }
          ],
          "passes": [],
          "failures": [],
          "pending": [],
          "skipped": [],
          "duration": 0,
          "root": false,
          "rootEmpty": false,
          "_timeout": 2000
        },
        {
          "uuid": "46d5f098-ea0d-493e-bf4a-a4400190eed6",
          "title": " boook system ",
          "fullFile": "D:\\Historium Projects\\main branch\\api\\test\\book-test.js",
          "file": "\\test\\book-test.js",
          "beforeHooks": [
            {
              "title": "\"before all\" hook in \" boook system \"",
              "fullTitle": " boook system  \"before all\" hook in \" boook system \"",
              "timedOut": false,
              "duration": 473,
              "state": null,
              "speed": null,
              "pass": false,
              "fail": false,
              "pending": false,
              "context": null,
              "code": "await mongoose\n\t.connect(process.env.TEST_CONNECTION_STRING)\n\t.catch(err => {\n\t\tconsole.log(`Failed to connect to database: ${err.message}`);\n\t});\n//#region add admin user to db and take token\nawait request(app).post('/signup').send(adminUser);\nawait mongoose.connection\n\t.collection('users')\n\t.updateOne(\n\t\t{ email: adminUser.email },\n\t\t{ $set: { role: 'admin' } }\n\t);\nconst userData = {\n\tlogin: adminUser.email,\n\tpassword: adminUser.password\n};\nuserToken += (await request(app).post('/login').send(userData))\n\t.body.token;\n//#endregion",
              "err": {},
              "uuid": "c65e1fa9-be8e-4c04-bf5b-517da2d13ff2",
              "parentUUID": "46d5f098-ea0d-493e-bf4a-a4400190eed6",
              "isHook": true,
              "skipped": false
            }
          ],
          "afterHooks": [
            {
              "title": "\"after all\" hook in \" boook system \"",
              "fullTitle": " boook system  \"after all\" hook in \" boook system \"",
              "timedOut": false,
              "duration": 16,
              "state": null,
              "speed": null,
              "pass": false,
              "fail": false,
              "pending": false,
              "context": null,
              "code": "await mongoose.connection.collection('books').deleteMany();\nawait mongoose.connection.collection('bookseries').deleteMany();\nawait mongoose.connection.collection('authors').deleteMany();\nawait mongoose.connection.collection('compilers').deleteMany();\nawait mongoose.connection.collection('editors').deleteMany();\nawait mongoose.connection.collection('illustrators').deleteMany();\nawait mongoose.connection.collection('products').deleteMany();\nawait mongoose.connection.collection('producttypes').deleteMany();\nawait mongoose.connection.collection('publishers').deleteMany();\nawait mongoose.connection.collection('sections').deleteMany();\nawait mongoose.connection.collection('translators').deleteMany();\nawait mongoose.connection.collection('users').deleteMany();\nawait mongoose.connection.collection('carts').deleteMany();\nawait mongoose.connection.close();",
              "err": {},
              "uuid": "6a5b01e3-e875-404c-a358-fe372d21c8a2",
              "parentUUID": "46d5f098-ea0d-493e-bf4a-a4400190eed6",
              "isHook": true,
              "skipped": false
            }
          ],
          "tests": [],
          "suites": [
            {
              "uuid": "e63682be-dfaa-44c4-b69e-81e0e9d4fe33",
              "title": " POST \"/book/\" Create new book ",
              "fullFile": "D:\\Historium Projects\\main branch\\api\\test\\book-test.js",
              "file": "\\test\\book-test.js",
              "beforeHooks": [],
              "afterHooks": [],
              "tests": [
                {
                  "title": " Should create new book to database ",
                  "fullTitle": " boook system   POST \"/book/\" Create new book   Should create new book to database ",
                  "timedOut": false,
                  "duration": 73,
                  "state": "passed",
                  "speed": "medium",
                  "pass": true,
                  "fail": false,
                  "pending": false,
                  "context": null,
                  "code": "//#region adding the necessary objects to the database\nconst productType = {\n\tname: 'Книга',\n\tkey: 'book'\n};\nconst productTypeId = (\n\tawait mongoose.connection\n\t\t.collection('producttypes')\n\t\t.insertOne(productType)\n).insertedId;\nconst section = {\n\tname: 'Комікси і графічні романи',\n\tkey: 'Komiksy i hrafichni romany',\n\tproducts: [],\n\tsections: []\n};\nconst sectionId = (\n\tawait mongoose.connection\n\t\t.collection('sections')\n\t\t.insertOne(section)\n).insertedId;\nconst publisher = {\n\tname: 'Новий Вік',\n\tbooks: [],\n\tbookSeries: [],\n\tdescription:\n\t\t'Видавництво, спеціалізуючеся на публікації літератури різних жанрів',\n\tlogo: 'https://example.com/logo.png'\n};\nconst publisherId = (\n\tawait mongoose.connection\n\t\t.collection('publishers')\n\t\t.insertOne(publisher)\n).insertedId;\nconst author = {\n\tfullName: 'Іван Сидоренко',\n\tbiography: 'Текст біографії автора на українській мові.',\n\tbooks: [],\n\tpictures: ['picture1.jpg', 'picture2.jpg']\n};\nconst authorId = (\n\tawait mongoose.connection\n\t\t.collection('authors')\n\t\t.insertOne(author)\n).insertedId;\nconst authorName = (\n\tawait mongoose.connection.collection('authors').findOne({})\n).fullName;\nconst compiler = {\n\tfullName: 'Іван Бойко',\n\tbooks: []\n};\nconst compilerId = (\n\tawait mongoose.connection\n\t\t.collection('compilers')\n\t\t.insertOne(compiler)\n).insertedId;\nconst translator = {\n\tfullName: 'Анна Мельник',\n\tbooks: []\n};\nconst translatorId = (\n\tawait mongoose.connection\n\t\t.collection('translators')\n\t\t.insertOne(translator)\n).insertedId;\nconst illustrator = {\n\tfullName: 'Ірина Левченко',\n\tbooks: []\n};\nconst illustratorId = (\n\tawait mongoose.connection\n\t\t.collection('illustrators')\n\t\t.insertOne(illustrator)\n).insertedId;\nconst editor = {\n\tfullName: 'Юлія Григоренко',\n\tbooks: []\n};\nconst editorId = (\n\tawait mongoose.connection\n\t\t.collection('editors')\n\t\t.insertOne(editor)\n).insertedId;\nconst bookSeries = {\n\tname: 'Українська класика',\n\tpublisher: publisherId,\n\tbooks: []\n};\nconst bookSeriesId = (\n\tawait mongoose.connection\n\t\t.collection('bookseries')\n\t\t.insertOne(bookSeries)\n).insertedId;\nconst product = {\n\tname: 'Збірка українських поезій',\n\ttype: productTypeId,\n\tprice: 99,\n\tquantity: 10,\n\tdescription:\n\t\t'\"Збірка українських поезій\" - поетичний скарб, що втілює красу та духовність української літератури.',\n\timages: ['image1.png'],\n\tsections: [sectionId],\n\tcreators: [authorName]\n};\nconst productId = (\n\tawait request(app)\n\t\t.post('/product/')\n\t\t.set('Authorization', userToken)\n\t\t.send(product)\n).body._id;\n//#endregion\nconst expectedFields = [\n\t'product',\n\t'type',\n\t'publisher',\n\t'languages',\n\t'publishedIn',\n\t'authors',\n\t'compilers',\n\t'translators',\n\t'illustrators',\n\t'editors',\n\t'series',\n\t'copies',\n\t'isbns',\n\t'firstPublishedIn',\n\t'originalName',\n\t'font',\n\t'format',\n\t'pages',\n\t'weight',\n\t'bindingType',\n\t'paperType',\n\t'illustrationsType',\n\t'literaturePeriod',\n\t'literatureCountry',\n\t'foreignLiterature',\n\t'timePeriod',\n\t'suitableAge',\n\t'packaging',\n\t'occasion',\n\t'style',\n\t'suitableFor'\n];\nconst newBook = {\n\tproduct: productId,\n\ttype: 'Паперова',\n\tpublisher: publisherId,\n\tlanguages: ['Українська'],\n\tpublishedIn: '1980',\n\tauthors: [authorId],\n\tcompilers: [compilerId],\n\ttranslators: [translatorId],\n\tillustrators: [illustratorId],\n\teditors: [editorId],\n\tseries: [bookSeriesId],\n\tcopies: 100,\n\tisbns: ['978-3-16-148410-0'],\n\tfirstPublishedIn: '1981',\n\toriginalName: 'Збірка українських поезій',\n\tfont: 'Arial',\n\tformat: '135х205 мм',\n\tpages: 180,\n\tweight: 300,\n\tbindingType: 'Пришивна палітурка',\n\tpaperType: 'Глянцевий',\n\tillustrationsType: ['Повнокольоровий'],\n\tliteraturePeriod: ['Постмодернізм'],\n\tliteratureCountry: ['Україна'],\n\tforeignLiterature: false,\n\ttimePeriod: ['1980-1990'],\n\tsuitableAge: ['12+'],\n\tpackaging: 'У коробці',\n\toccasion: ['Без приводу'],\n\tstyle: ['Сучасна поезія'],\n\tsuitableFor: ['Дорослих']\n};\nawait request(app)\n\t.post('/book/')\n\t.set('Authorization', userToken)\n\t.send(newBook)\n\t.then(async response => {\n\t\texpect(response.status).to.equal(201);\n\t\texpect(response.header['content-type']).to.include(\n\t\t\t'application/json'\n\t\t);\n\t\texpect(response.body).to.include.keys(...expectedFields);\n\t\tbookId = response.body._id;\n\t\t//#region check data integrity\n\t\tawait mongoose.connection\n\t\t\t.collection('publishers')\n\t\t\t.findOne({})\n\t\t\t.then(result => {\n\t\t\t\texpect(\n\t\t\t\t\tresult.books.map(id => id.toString())\n\t\t\t\t).to.include(bookId);\n\t\t\t});\n\t\tawait mongoose.connection\n\t\t\t.collection('authors')\n\t\t\t.findOne({})\n\t\t\t.then(result => {\n\t\t\t\texpect(\n\t\t\t\t\tresult.books.map(id => id.toString())\n\t\t\t\t).to.include(bookId);\n\t\t\t});\n\t\tawait mongoose.connection\n\t\t\t.collection('compilers')\n\t\t\t.findOne({})\n\t\t\t.then(result => {\n\t\t\t\texpect(\n\t\t\t\t\tresult.books.map(id => id.toString())\n\t\t\t\t).to.include(bookId);\n\t\t\t});\n\t\tawait mongoose.connection\n\t\t\t.collection('translators')\n\t\t\t.findOne({})\n\t\t\t.then(result => {\n\t\t\t\texpect(\n\t\t\t\t\tresult.books.map(id => id.toString())\n\t\t\t\t).to.include(bookId);\n\t\t\t});\n\t\tawait mongoose.connection\n\t\t\t.collection('illustrators')\n\t\t\t.findOne({})\n\t\t\t.then(result => {\n\t\t\t\texpect(\n\t\t\t\t\tresult.books.map(id => id.toString())\n\t\t\t\t).to.include(bookId);\n\t\t\t});\n\t\tawait mongoose.connection\n\t\t\t.collection('editors')\n\t\t\t.findOne({})\n\t\t\t.then(result => {\n\t\t\t\texpect(\n\t\t\t\t\tresult.books.map(id => id.toString())\n\t\t\t\t).to.include(bookId);\n\t\t\t});\n\t\tawait mongoose.connection\n\t\t\t.collection('bookseries')\n\t\t\t.findOne({})\n\t\t\t.then(result => {\n\t\t\t\texpect(\n\t\t\t\t\tresult.books.map(id => id.toString())\n\t\t\t\t).to.include(bookId);\n\t\t\t});\n\t\t//#endregion\n\t});",
                  "err": {},
                  "uuid": "1666fdbf-1b4d-4507-8a4f-a0afaa251675",
                  "parentUUID": "e63682be-dfaa-44c4-b69e-81e0e9d4fe33",
                  "isHook": false,
                  "skipped": false
                }
              ],
              "suites": [],
              "passes": [
                "1666fdbf-1b4d-4507-8a4f-a0afaa251675"
              ],
              "failures": [],
              "pending": [],
              "skipped": [],
              "duration": 73,
              "root": false,
              "rootEmpty": false,
              "_timeout": 2000
            },
            {
              "uuid": "c967761a-9a28-4116-b898-c08377959b6f",
              "title": " GET \"/book/\" Get all books ",
              "fullFile": "D:\\Historium Projects\\main branch\\api\\test\\book-test.js",
              "file": "\\test\\book-test.js",
              "beforeHooks": [],
              "afterHooks": [],
              "tests": [
                {
                  "title": " Should return all books ",
                  "fullTitle": " boook system   GET \"/book/\" Get all books   Should return all books ",
                  "timedOut": false,
                  "duration": 10,
                  "state": "passed",
                  "speed": "fast",
                  "pass": true,
                  "fail": false,
                  "pending": false,
                  "context": null,
                  "code": "await request(app)\n\t.get('/book/')\n\t.set('Authorization', userToken)\n\t.then(response => {\n\t\texpect(response.status).to.equal(200);\n\t\texpect(response.header['content-type']).to.include(\n\t\t\t'application/json'\n\t\t);\n\t\texpect(response.body.result).to.be.an('array');\n\t});",
                  "err": {},
                  "uuid": "05414381-eee3-4e0a-9901-bb16d0f4e714",
                  "parentUUID": "c967761a-9a28-4116-b898-c08377959b6f",
                  "isHook": false,
                  "skipped": false
                }
              ],
              "suites": [],
              "passes": [
                "05414381-eee3-4e0a-9901-bb16d0f4e714"
              ],
              "failures": [],
              "pending": [],
              "skipped": [],
              "duration": 10,
              "root": false,
              "rootEmpty": false,
              "_timeout": 2000
            },
            {
              "uuid": "947f7107-126e-4070-9625-3f9aa5317622",
              "title": " GET \"/book/:id\" Get one book ",
              "fullFile": "D:\\Historium Projects\\main branch\\api\\test\\book-test.js",
              "file": "\\test\\book-test.js",
              "beforeHooks": [],
              "afterHooks": [],
              "tests": [
                {
                  "title": " Should return one book by id ",
                  "fullTitle": " boook system   GET \"/book/:id\" Get one book   Should return one book by id ",
                  "timedOut": false,
                  "duration": 14,
                  "state": "passed",
                  "speed": "fast",
                  "pass": true,
                  "fail": false,
                  "pending": false,
                  "context": null,
                  "code": "const expectedFields = [\n\t'product',\n\t'type',\n\t'publisher',\n\t'languages',\n\t'publishedIn',\n\t'authors',\n\t'compilers',\n\t'translators',\n\t'illustrators',\n\t'editors',\n\t'series',\n\t'copies',\n\t'isbns',\n\t'firstPublishedIn',\n\t'originalName',\n\t'font',\n\t'format',\n\t'pages',\n\t'weight',\n\t'bindingType',\n\t'paperType',\n\t'illustrationsType',\n\t'literaturePeriod',\n\t'literatureCountry',\n\t'foreignLiterature',\n\t'timePeriod',\n\t'suitableAge',\n\t'packaging',\n\t'occasion',\n\t'style',\n\t'suitableFor'\n];\nawait request(app)\n\t.get(`/book/${bookId}`)\n\t.set('Authorization', userToken)\n\t.then(response => {\n\t\texpect(response.status).to.equal(200);\n\t\texpect(response.header['content-type']).to.include(\n\t\t\t'application/json'\n\t\t);\n\t\texpect(response.body).to.include.keys(...expectedFields);\n\t});",
                  "err": {},
                  "uuid": "9a114b20-329f-499d-92b1-448a3bbc9e14",
                  "parentUUID": "947f7107-126e-4070-9625-3f9aa5317622",
                  "isHook": false,
                  "skipped": false
                }
              ],
              "suites": [],
              "passes": [
                "9a114b20-329f-499d-92b1-448a3bbc9e14"
              ],
              "failures": [],
              "pending": [],
              "skipped": [],
              "duration": 14,
              "root": false,
              "rootEmpty": false,
              "_timeout": 2000
            },
            {
              "uuid": "49646e9a-5f0b-489c-87c5-f8c59962ab3f",
              "title": " PATCH \"/book/:id\" Update one existing book ",
              "fullFile": "D:\\Historium Projects\\main branch\\api\\test\\book-test.js",
              "file": "\\test\\book-test.js",
              "beforeHooks": [],
              "afterHooks": [],
              "tests": [
                {
                  "title": " Should return book with updated data ",
                  "fullTitle": " boook system   PATCH \"/book/:id\" Update one existing book   Should return book with updated data ",
                  "timedOut": false,
                  "duration": 19,
                  "state": "passed",
                  "speed": "fast",
                  "pass": true,
                  "fail": false,
                  "pending": false,
                  "context": null,
                  "code": "const updatedBookData = {\n\tpublishedIn: '1982',\n\tlanguages: ['English']\n};\nawait request(app)\n\t.patch(`/book/${bookId}`)\n\t.set('Authorization', userToken)\n\t.send(updatedBookData)\n\t.then(response => {\n\t\texpect(response.status).to.equal(200);\n\t\texpect(response.header['content-type']).to.include(\n\t\t\t'application/json'\n\t\t);\n\t\texpect(response.body.publishedIn).to.equal(1982);\n\t\texpect(response.body.languages).to.include('English');\n\t});",
                  "err": {},
                  "uuid": "a088b619-ca70-4504-85c6-43ebe5372907",
                  "parentUUID": "49646e9a-5f0b-489c-87c5-f8c59962ab3f",
                  "isHook": false,
                  "skipped": false
                }
              ],
              "suites": [],
              "passes": [
                "a088b619-ca70-4504-85c6-43ebe5372907"
              ],
              "failures": [],
              "pending": [],
              "skipped": [],
              "duration": 19,
              "root": false,
              "rootEmpty": false,
              "_timeout": 2000
            },
            {
              "uuid": "3cac17bf-ba02-4262-a073-b5fa0d7febc6",
              "title": " DELETE \"/book/:id\" Delete one book ",
              "fullFile": "D:\\Historium Projects\\main branch\\api\\test\\book-test.js",
              "file": "\\test\\book-test.js",
              "beforeHooks": [],
              "afterHooks": [],
              "tests": [
                {
                  "title": " Should mark product as deleted via the \"deletedAt\" field, but not delete. ",
                  "fullTitle": " boook system   DELETE \"/book/:id\" Delete one book   Should mark product as deleted via the \"deletedAt\" field, but not delete. ",
                  "timedOut": false,
                  "duration": 29,
                  "state": "passed",
                  "speed": "fast",
                  "pass": true,
                  "fail": false,
                  "pending": false,
                  "context": null,
                  "code": "await request(app)\n\t.delete(`/book/${bookId}`)\n\t.set('Authorization', userToken)\n\t.then(async response => {\n\t\texpect(response.status).to.be.equal(204);\n\t\tconst deletedBook = await mongoose.connection\n\t\t\t.collection('books')\n\t\t\t.findOne({});\n\t\texpect(deletedBook.deletedAt).to.not.be.null;\n\t\t//#region checking all dependencies\n\t\tconst author = await mongoose.connection\n\t\t\t.collection('authors')\n\t\t\t.findOne();\n\t\texpect(author.books).to.be.empty;\n\t\tconst compiler = await mongoose.connection\n\t\t\t.collection('compilers')\n\t\t\t.findOne();\n\t\texpect(compiler.books).to.be.empty;\n\t\tconst editor = await mongoose.connection\n\t\t\t.collection('editors')\n\t\t\t.findOne();\n\t\texpect(editor.books).to.be.empty;\n\t\tconst illustrator = await mongoose.connection\n\t\t\t.collection('illustrators')\n\t\t\t.findOne();\n\t\texpect(illustrator.books).to.be.empty;\n\t\tconst translator = await mongoose.connection\n\t\t\t.collection('translators')\n\t\t\t.findOne();\n\t\texpect(translator.books).to.be.empty;\n\t\tconst product = await mongoose.connection\n\t\t\t.collection('products')\n\t\t\t.findOne();\n\t\texpect(product.deletedAt).to.not.be.null;\n\t\tconst section = await mongoose.connection\n\t\t\t.collection('sections')\n\t\t\t.findOne();\n\t\texpect(section.products).to.be.empty;\n\t\t//#endregion\n\t});",
                  "err": {},
                  "uuid": "36af6d5b-31f2-4aba-94b9-76f018663d81",
                  "parentUUID": "3cac17bf-ba02-4262-a073-b5fa0d7febc6",
                  "isHook": false,
                  "skipped": false
                }
              ],
              "suites": [],
              "passes": [
                "36af6d5b-31f2-4aba-94b9-76f018663d81"
              ],
              "failures": [],
              "pending": [],
              "skipped": [],
              "duration": 29,
              "root": false,
              "rootEmpty": false,
              "_timeout": 2000
            }
          ],
          "passes": [],
          "failures": [],
          "pending": [],
          "skipped": [],
          "duration": 0,
          "root": false,
          "rootEmpty": false,
          "_timeout": 2000
        },
        {
          "uuid": "950ba1a5-b4c1-449e-8cb0-47e976ace17e",
          "title": " cart system ",
          "fullFile": "D:\\Historium Projects\\main branch\\api\\test\\cart-test.js",
          "file": "\\test\\cart-test.js",
          "beforeHooks": [
            {
              "title": "\"before all\" hook in \" cart system \"",
              "fullTitle": " cart system  \"before all\" hook in \" cart system \"",
              "timedOut": false,
              "duration": 507,
              "state": null,
              "speed": null,
              "pass": false,
              "fail": false,
              "pending": false,
              "context": null,
              "code": "await mongoose\n\t.connect(process.env.TEST_CONNECTION_STRING)\n\t.catch(err => {\n\t\tconsole.log(`Failed to connect to database: ${err.message}`);\n\t});\n//#region add admin user to db and take token\nawait request(app).post('/signup').send(adminUser);\nawait mongoose.connection\n\t.collection('users')\n\t.updateOne(\n\t\t{ email: adminUser.email },\n\t\t{ $set: { role: 'admin' } }\n\t);\nconst userData = {\n\tlogin: adminUser.email,\n\tpassword: adminUser.password\n};\nuserToken += (await request(app).post('/login').send(userData))\n\t.body.token;\n//#endregion",
              "err": {},
              "uuid": "6045ba47-eccb-434a-abf1-d51bafc90bec",
              "parentUUID": "950ba1a5-b4c1-449e-8cb0-47e976ace17e",
              "isHook": true,
              "skipped": false
            }
          ],
          "afterHooks": [
            {
              "title": "\"after all\" hook in \" cart system \"",
              "fullTitle": " cart system  \"after all\" hook in \" cart system \"",
              "timedOut": false,
              "duration": 16,
              "state": null,
              "speed": null,
              "pass": false,
              "fail": false,
              "pending": false,
              "context": null,
              "code": "await mongoose.connection.collection('products').deleteMany();\nawait mongoose.connection.collection('producttypes').deleteMany();\nawait mongoose.connection.collection('sections').deleteMany();\nawait mongoose.connection.collection('cartitems').deleteMany();\nawait mongoose.connection.collection('users').deleteMany();\nawait mongoose.connection.collection('carts').deleteMany();\nawait mongoose.connection.close();",
              "err": {},
              "uuid": "8d3f9758-0833-4425-9f57-72a3cd71ba40",
              "parentUUID": "950ba1a5-b4c1-449e-8cb0-47e976ace17e",
              "isHook": true,
              "skipped": false
            }
          ],
          "tests": [],
          "suites": [
            {
              "uuid": "274f9485-6e1b-4b8b-aa31-ddc2fc5298ce",
              "title": " GET \"/cart/\" Get cart associated with user ",
              "fullFile": "D:\\Historium Projects\\main branch\\api\\test\\cart-test.js",
              "file": "\\test\\cart-test.js",
              "beforeHooks": [],
              "afterHooks": [],
              "tests": [
                {
                  "title": " Should return information about the cart of the authorized user ",
                  "fullTitle": " cart system   GET \"/cart/\" Get cart associated with user   Should return information about the cart of the authorized user ",
                  "timedOut": false,
                  "duration": 6,
                  "state": "passed",
                  "speed": "fast",
                  "pass": true,
                  "fail": false,
                  "pending": false,
                  "context": null,
                  "code": "const expectedFields = ['items', 'totalPrice', 'totalQuantity'];\nawait request(app)\n\t.get('/cart/')\n\t.set('Authorization', userToken)\n\t.then(response => {\n\t\texpect(response.status).to.equal(200);\n\t\texpect(response.header['content-type']).to.include(\n\t\t\t'application/json'\n\t\t);\n\t\texpect(response.body).to.be.include.keys(...expectedFields);\n\t});",
                  "err": {},
                  "uuid": "b1c477d7-9f36-47b4-90d0-b14b776b9d10",
                  "parentUUID": "274f9485-6e1b-4b8b-aa31-ddc2fc5298ce",
                  "isHook": false,
                  "skipped": false
                }
              ],
              "suites": [],
              "passes": [
                "b1c477d7-9f36-47b4-90d0-b14b776b9d10"
              ],
              "failures": [],
              "pending": [],
              "skipped": [],
              "duration": 6,
              "root": false,
              "rootEmpty": false,
              "_timeout": 2000
            },
            {
              "uuid": "fcc08086-aac7-40e1-8330-4442d1804afd",
              "title": " DELETE \"/cart/\" Clear user cart ",
              "fullFile": "D:\\Historium Projects\\main branch\\api\\test\\cart-test.js",
              "file": "\\test\\cart-test.js",
              "beforeHooks": [],
              "afterHooks": [],
              "tests": [
                {
                  "title": " Should empty cart of the authorized user ",
                  "fullTitle": " cart system   DELETE \"/cart/\" Clear user cart   Should empty cart of the authorized user ",
                  "timedOut": false,
                  "duration": 10,
                  "state": "passed",
                  "speed": "fast",
                  "pass": true,
                  "fail": false,
                  "pending": false,
                  "context": null,
                  "code": "await request(app)\n\t.delete('/cart/')\n\t.set('Authorization', userToken)\n\t.then(async response => {\n\t\texpect(response.status).to.equal(204);\n\t\tconst cart = await mongoose.connection\n\t\t\t.collection('carts')\n\t\t\t.findOne({});\n\t\texpect(cart.items).to.be.empty;\n\t});",
                  "err": {},
                  "uuid": "3cc206b2-915f-4733-9dbc-8e83f01ef435",
                  "parentUUID": "fcc08086-aac7-40e1-8330-4442d1804afd",
                  "isHook": false,
                  "skipped": false
                }
              ],
              "suites": [],
              "passes": [
                "3cc206b2-915f-4733-9dbc-8e83f01ef435"
              ],
              "failures": [],
              "pending": [],
              "skipped": [],
              "duration": 10,
              "root": false,
              "rootEmpty": false,
              "_timeout": 2000
            },
            {
              "uuid": "4a0fa1e9-7354-4441-addc-4c04e7e10df1",
              "title": " POST \"/cart-item/\" Add item to user cart ",
              "fullFile": "D:\\Historium Projects\\main branch\\api\\test\\cart-test.js",
              "file": "\\test\\cart-test.js",
              "beforeHooks": [],
              "afterHooks": [],
              "tests": [
                {
                  "title": " Should add the product to the cart of an authorized user ",
                  "fullTitle": " cart system   POST \"/cart-item/\" Add item to user cart   Should add the product to the cart of an authorized user ",
                  "timedOut": false,
                  "duration": 28,
                  "state": "passed",
                  "speed": "fast",
                  "pass": true,
                  "fail": false,
                  "pending": false,
                  "context": null,
                  "code": "//#region adding the necessary objects to the database\nconst productType = {\n\tname: 'Книга',\n\tkey: 'book'\n};\nconst productTypeId = (\n\tawait mongoose.connection\n\t\t.collection('producttypes')\n\t\t.insertOne(productType)\n).insertedId;\nconst section = {\n\tname: 'Фантастика',\n\tkey: 'fantastic',\n\tproducts: [],\n\tsections: []\n};\nconst sectionId = (\n\tawait mongoose.connection\n\t\t.collection('sections')\n\t\t.insertOne(section)\n).insertedId;\nconst product = {\n\tname: 'Збірка українських поезій',\n\ttype: productTypeId,\n\tprice: 99,\n\tdeliveryPrice: 60,\n\tquantity: 10,\n\tdescription:\n\t\t'\"Збірка українських поезій\" - поетичний скарб, що втілює красу та духовність української літератури.',\n\timages: ['image1.png'],\n\tsections: [sectionId],\n\tmodel: 'Book'\n};\nproductId = (\n\tawait request(app)\n\t\t.post('/product/')\n\t\t.set('Authorization', userToken)\n\t\t.send(product)\n).body._id;\n//#endregion\nconst body = {\n\tproduct: productId.toString()\n};\nawait request(app)\n\t.post('/cart-item/')\n\t.set('Authorization', userToken)\n\t.send(body)\n\t.then(async response => {\n\t\texpect(response.status).to.equal(204);\n\t\tconst cart = await mongoose.connection\n\t\t\t.collection('carts')\n\t\t\t.findOne({});\n\t\texpect(cart.items).to.be.not.empty;\n\t\tconst cartItem = await mongoose.connection\n\t\t\t.collection('cartitems')\n\t\t\t.findOne({ _id: cart.items[0] });\n\t\texpect(cartItem.product.toString()).to.be.equal(productId);\n\t});",
                  "err": {},
                  "uuid": "32667576-13f2-4545-81d5-6a90f614356e",
                  "parentUUID": "4a0fa1e9-7354-4441-addc-4c04e7e10df1",
                  "isHook": false,
                  "skipped": false
                }
              ],
              "suites": [],
              "passes": [
                "32667576-13f2-4545-81d5-6a90f614356e"
              ],
              "failures": [],
              "pending": [],
              "skipped": [],
              "duration": 28,
              "root": false,
              "rootEmpty": false,
              "_timeout": 2000
            },
            {
              "uuid": "40326d91-c17c-4693-b282-5ebfabb6dd19",
              "title": " DELETE \"/cart-item/\" Remove item from user cart ",
              "fullFile": "D:\\Historium Projects\\main branch\\api\\test\\cart-test.js",
              "file": "\\test\\cart-test.js",
              "beforeHooks": [],
              "afterHooks": [],
              "tests": [
                {
                  "title": " Should remove the product from the cart of an authorized user ",
                  "fullTitle": " cart system   DELETE \"/cart-item/\" Remove item from user cart   Should remove the product from the cart of an authorized user ",
                  "timedOut": false,
                  "duration": 10,
                  "state": "passed",
                  "speed": "fast",
                  "pass": true,
                  "fail": false,
                  "pending": false,
                  "context": null,
                  "code": "const body = {\n\tproduct: productId.toString()\n};\nawait request(app)\n\t.delete('/cart-item/')\n\t.set('Authorization', userToken)\n\t.send(body)\n\t.then(async response => {\n\t\texpect(response.status).to.equal(204);\n\t\tconst cart = await mongoose.connection\n\t\t\t.collection('carts')\n\t\t\t.findOne({});\n\t\texpect(cart.items).to.be.empty;\n\t\tconst cartItems = await mongoose.connection\n\t\t\t.collection('cartitems')\n\t\t\t.findOne({});\n\t\texpect(cartItems).to.be.null;\n\t});",
                  "err": {},
                  "uuid": "16bedbc5-6fa4-44f0-88f8-efd9cd3d6e60",
                  "parentUUID": "40326d91-c17c-4693-b282-5ebfabb6dd19",
                  "isHook": false,
                  "skipped": false
                }
              ],
              "suites": [],
              "passes": [
                "16bedbc5-6fa4-44f0-88f8-efd9cd3d6e60"
              ],
              "failures": [],
              "pending": [],
              "skipped": [],
              "duration": 10,
              "root": false,
              "rootEmpty": false,
              "_timeout": 2000
            }
          ],
          "passes": [],
          "failures": [],
          "pending": [],
          "skipped": [],
          "duration": 0,
          "root": false,
          "rootEmpty": false,
          "_timeout": 2000
        },
        {
          "uuid": "2397fa3f-fdf9-455d-ac06-d0f9c41e7f2b",
          "title": " compiler system ",
          "fullFile": "D:\\Historium Projects\\main branch\\api\\test\\compiler-test.js",
          "file": "\\test\\compiler-test.js",
          "beforeHooks": [
            {
              "title": "\"before all\" hook in \" compiler system \"",
              "fullTitle": " compiler system  \"before all\" hook in \" compiler system \"",
              "timedOut": false,
              "duration": 468,
              "state": null,
              "speed": null,
              "pass": false,
              "fail": false,
              "pending": false,
              "context": null,
              "code": "await mongoose\n\t.connect(process.env.TEST_CONNECTION_STRING)\n\t.catch(err => {\n\t\tconsole.log(`Failed to connect to database: ${err.message}`);\n\t});\n//#region add admin user to db and take token\nawait request(app).post('/signup').send(adminUser);\nawait mongoose.connection\n\t.collection('users')\n\t.updateOne(\n\t\t{ email: adminUser.email },\n\t\t{ $set: { role: 'admin' } }\n\t);\nconst userData = {\n\tlogin: adminUser.email,\n\tpassword: adminUser.password\n};\nuserToken += (await request(app).post('/login').send(userData))\n\t.body.token;\n//#endregion",
              "err": {},
              "uuid": "06f50c76-3762-4455-85df-889daa450be7",
              "parentUUID": "2397fa3f-fdf9-455d-ac06-d0f9c41e7f2b",
              "isHook": true,
              "skipped": false
            }
          ],
          "afterHooks": [
            {
              "title": "\"after all\" hook in \" compiler system \"",
              "fullTitle": " compiler system  \"after all\" hook in \" compiler system \"",
              "timedOut": false,
              "duration": 3,
              "state": null,
              "speed": null,
              "pass": false,
              "fail": false,
              "pending": false,
              "context": null,
              "code": "await mongoose.connection.collection('compilers').deleteMany();\nawait mongoose.connection.collection('users').deleteMany();\nawait mongoose.connection.collection('carts').deleteMany();\nawait mongoose.connection.close();",
              "err": {},
              "uuid": "6c565921-bb36-40ef-9257-3873b69c8eee",
              "parentUUID": "2397fa3f-fdf9-455d-ac06-d0f9c41e7f2b",
              "isHook": true,
              "skipped": false
            }
          ],
          "tests": [],
          "suites": [
            {
              "uuid": "19b57b87-9fae-4ca5-b0f8-095029f29119",
              "title": " POST \"/compiler/\" Create new compiler ",
              "fullFile": "D:\\Historium Projects\\main branch\\api\\test\\compiler-test.js",
              "file": "\\test\\compiler-test.js",
              "beforeHooks": [],
              "afterHooks": [],
              "tests": [
                {
                  "title": " Should create new compiler in database ",
                  "fullTitle": " compiler system   POST \"/compiler/\" Create new compiler   Should create new compiler in database ",
                  "timedOut": false,
                  "duration": 7,
                  "state": "passed",
                  "speed": "fast",
                  "pass": true,
                  "fail": false,
                  "pending": false,
                  "context": null,
                  "code": "const newCompiler = {\n\tfullName: 'John Smith',\n\tbooks: []\n};\nconst expectedFields = [\n\t'fullName',\n\t'books',\n\t'_id',\n\t'createdAt',\n\t'updatedAt'\n];\nawait request(app)\n\t.post('/compiler/')\n\t.set('Authorization', userToken)\n\t.send(newCompiler)\n\t.then(response => {\n\t\texpect(response.status).to.equal(201);\n\t\texpect(response.header['content-type']).to.include(\n\t\t\t'application/json'\n\t\t);\n\t\texpect(response.body).to.include.keys(...expectedFields);\n\t\tcompilerId = response.body._id;\n\t});",
[...]
          "fullFile": "D:\\Historium Projects\\main branch\\api\\test\\user-test.js",
          "file": "\\test\\user-test.js",
          "beforeHooks": [
            {
              "title": "\"before all\" hook in \"user system\"",
              "fullTitle": "user system \"before all\" hook in \"user system\"",
              "timedOut": false,
              "duration": 493,
              "state": null,
              "speed": null,
              "pass": false,
              "fail": false,
              "pending": false,
              "context": null,
              "code": "await mongoose\n\t.connect(process.env.TEST_CONNECTION_STRING)\n\t.catch(err => {\n\t\tconsole.log(`Failed to connect to database: ${err.message}`);\n\t});\n//#region add admin user to db and take token\nawait request(app).post('/signup').send(adminUser);\nawait mongoose.connection\n\t.collection('users')\n\t.updateOne(\n\t\t{ email: adminUser.email },\n\t\t{ $set: { role: 'admin' } }\n\t);\nconst userData = {\n\tlogin: adminUser.email,\n\tpassword: adminUser.password\n};\nuserToken += (await request(app).post('/login').send(userData))\n\t.body.token;\n//#endregion",
              "err": {},
              "uuid": "ec4c6155-a208-4ab2-870c-2d9e1803aa05",
              "parentUUID": "a56aee03-8e6d-4e18-83f7-b2e40aee498a",
              "isHook": true,
              "skipped": false
            }
          ],
          "afterHooks": [
            {
              "title": "\"after all\" hook in \"user system\"",
              "fullTitle": "user system \"after all\" hook in \"user system\"",
              "timedOut": false,
              "duration": 19,
              "state": null,
              "speed": null,
              "pass": false,
              "fail": false,
              "pending": false,
              "context": null,
              "code": "await mongoose.connection.collection('products').deleteMany();\nawait mongoose.connection.collection('producttypes').deleteMany();\nawait mongoose.connection.collection('sections').deleteMany();\nawait mongoose.connection.collection('users').deleteMany();\nawait mongoose.connection.collection('carts').deleteMany();\nawait mongoose.connection.close();",
              "err": {},
              "uuid": "40586325-83c2-40ca-94ce-a343103760bf",
              "parentUUID": "a56aee03-8e6d-4e18-83f7-b2e40aee498a",
              "isHook": true,
              "skipped": false
            }
          ],
          "tests": [],
          "suites": [
            {
              "uuid": "69a9f355-cff3-4580-87e2-315593b69cd9",
              "title": " GET \"/user/\" Get all users ",
              "fullFile": "D:\\Historium Projects\\main branch\\api\\test\\user-test.js",
              "file": "\\test\\user-test.js",
              "beforeHooks": [],
              "afterHooks": [],
              "tests": [
                {
                  "title": " Should return an array of users ",
                  "fullTitle": "user system  GET \"/user/\" Get all users   Should return an array of users ",
                  "timedOut": false,
                  "duration": 9,
                  "state": "passed",
                  "speed": "fast",
                  "pass": true,
                  "fail": false,
                  "pending": false,
                  "context": null,
                  "code": "await request(app)\n\t.get('/user/')\n\t.set('Authorization', userToken)\n\t.then(response => {\n\t\texpect(response.status).to.equal(200);\n\t\texpect(response.header['content-type']).to.include(\n\t\t\t'application/json'\n\t\t);\n\t\texpect(response.body).to.be.an('array');\n\t\tuserId = response.body[0]._id;\n\t});",
                  "err": {},
                  "uuid": "1c3d6106-d857-408f-aed3-df476d4f9148",
                  "parentUUID": "69a9f355-cff3-4580-87e2-315593b69cd9",
                  "isHook": false,
                  "skipped": false
                }
              ],
              "suites": [],
              "passes": [
                "1c3d6106-d857-408f-aed3-df476d4f9148"
              ],
              "failures": [],
              "pending": [],
              "skipped": [],
              "duration": 9,
              "root": false,
              "rootEmpty": false,
              "_timeout": 2000
            },
            {
              "uuid": "fec9d8e7-678e-4915-ba8a-be5982ccacba",
              "title": " GET \"/user/:id\" Get one user ",
              "fullFile": "D:\\Historium Projects\\main branch\\api\\test\\user-test.js",
              "file": "\\test\\user-test.js",
              "beforeHooks": [],
              "afterHooks": [],
              "tests": [
                {
                  "title": " Should return user by id ",
                  "fullTitle": "user system  GET \"/user/:id\" Get one user   Should return user by id ",
                  "timedOut": false,
                  "duration": 8,
                  "state": "passed",
                  "speed": "fast",
                  "pass": true,
                  "fail": false,
                  "pending": false,
                  "context": null,
                  "code": "const expectedFields = [\n\t'_id',\n\t'firstName',\n\t'lastName',\n\t'phoneNumber',\n\t'email',\n\t'role',\n\t'reviews',\n\t'wishlist',\n\t'createdAt',\n\t'updatedAt',\n\t'cart'\n];\nawait request(app)\n\t.get(`/user/${userId}`)\n\t.set('Authorization', userToken)\n\t.then(response => {\n\t\texpect(response.status).to.equal(200);\n\t\texpect(response.header['content-type']).to.include(\n\t\t\t'application/json'\n\t\t);\n\t\texpect(response.body).to.include.keys(...expectedFields);\n\t});",
                  "err": {},
                  "uuid": "b2e7bb16-caf0-4b8b-bb66-0ba772e4942a",
                  "parentUUID": "fec9d8e7-678e-4915-ba8a-be5982ccacba",
                  "isHook": false,
                  "skipped": false
                }
              ],
              "suites": [],
              "passes": [
                "b2e7bb16-caf0-4b8b-bb66-0ba772e4942a"
              ],
              "failures": [],
              "pending": [],
              "skipped": [],
              "duration": 8,
              "root": false,
              "rootEmpty": false,
              "_timeout": 2000
            },
            {
              "uuid": "12bc8a47-20ed-4fd3-98a0-1f9fdb9aa736",
              "title": " PATCH \"/user/:id\" Update one existing user ",
              "fullFile": "D:\\Historium Projects\\main branch\\api\\test\\user-test.js",
              "file": "\\test\\user-test.js",
              "beforeHooks": [],
              "afterHooks": [],
              "tests": [
                {
                  "title": " Should return the user with updated data ",
                  "fullTitle": "user system  PATCH \"/user/:id\" Update one existing user   Should return the user with updated data ",
                  "timedOut": false,
                  "duration": 9,
                  "state": "passed",
                  "speed": "fast",
                  "pass": true,
                  "fail": false,
                  "pending": false,
                  "context": null,
                  "code": "const newData = {\n\tfirstName: 'Артем',\n\tlastName: 'Желіковський'\n};\nawait request(app)\n\t.patch(`/user/${userId}`)\n\t.set('Authorization', userToken)\n\t.send(newData)\n\t.then(response => {\n\t\texpect(response.status).to.equal(200);\n\t\texpect(response.header['content-type']).to.include(\n\t\t\t'application/json'\n\t\t);\n\t\texpect(response.body.firstName).to.equal(newData.firstName);\n\t\texpect(response.body.lastName).to.equal(newData.lastName);\n\t});",
                  "err": {},
                  "uuid": "17c537cd-59d7-423a-8954-821c3d9eea0f",
                  "parentUUID": "12bc8a47-20ed-4fd3-98a0-1f9fdb9aa736",
                  "isHook": false,
                  "skipped": false
                }
              ],
              "suites": [],
              "passes": [
                "17c537cd-59d7-423a-8954-821c3d9eea0f"
              ],
              "failures": [],
              "pending": [],
              "skipped": [],
              "duration": 9,
              "root": false,
              "rootEmpty": false,
              "_timeout": 2000
            },
            {
              "uuid": "23d18837-e408-4770-b493-a6c33f706bc7",
              "title": " DELETE \"/user/:id\" Delete one user ",
              "fullFile": "D:\\Historium Projects\\main branch\\api\\test\\user-test.js",
              "file": "\\test\\user-test.js",
              "beforeHooks": [],
              "afterHooks": [],
              "tests": [
                {
                  "title": " Should mark the user as deleted via the \"deletedAt\" field, but not delete him ",
                  "fullTitle": "user system  DELETE \"/user/:id\" Delete one user   Should mark the user as deleted via the \"deletedAt\" field, but not delete him ",
                  "timedOut": false,
                  "duration": 11,
                  "state": "passed",
                  "speed": "fast",
                  "pass": true,
                  "fail": false,
                  "pending": false,
                  "context": null,
                  "code": "const newUser = {\n\tfirstName: 'Oleg',\n\tlastName: 'Smirniv',\n\tphoneNumber: '380957846372',\n\temail: 'lahefi3700@devswp.com',\n\tpassword: '41424344',\n\trole: 'user'\n};\nconst userId = (\n\tawait mongoose.connection\n\t\t.collection('users')\n\t\t.insertOne(newUser)\n).insertedId.toString();\nawait request(app)\n\t.delete(`/user/${userId}`)\n\t.set('Authorization', userToken)\n\t.then(async () => {\n\t\tconst deletedUser = await mongoose.connection\n\t\t\t.collection('users')\n\t\t\t.findOne({ email: 'lahefi3700@devswp.com' });\n\t\texpect(deletedUser).to.include.keys('deletedAt');\n\t});",
                  "err": {},
                  "uuid": "6597da18-11d0-475e-8303-81e2d480c232",
                  "parentUUID": "23d18837-e408-4770-b493-a6c33f706bc7",
                  "isHook": false,
                  "skipped": false
                }
              ],
              "suites": [],
              "passes": [
                "6597da18-11d0-475e-8303-81e2d480c232"
              ],
              "failures": [],
              "pending": [],
              "skipped": [],
              "duration": 11,
              "root": false,
              "rootEmpty": false,
              "_timeout": 2000
            },
            {
              "uuid": "8bdd6fcd-dd6d-4e26-83d5-f1918e12afdf",
              "title": " GET \"/user/account\" Get user account ",
              "fullFile": "D:\\Historium Projects\\main branch\\api\\test\\user-test.js",
              "file": "\\test\\user-test.js",
              "beforeHooks": [],
              "afterHooks": [],
              "tests": [
                {
                  "title": " Should return information about the authorized user ",
                  "fullTitle": "user system  GET \"/user/account\" Get user account   Should return information about the authorized user ",
                  "timedOut": false,
                  "duration": 5,
                  "state": "passed",
                  "speed": "fast",
                  "pass": true,
                  "fail": false,
                  "pending": false,
                  "context": null,
                  "code": "const expectedFields = [\n\t'_id',\n\t'firstName',\n\t'lastName',\n\t'phoneNumber',\n\t'email',\n\t'role',\n\t'reviews',\n\t'wishlist',\n\t'createdAt',\n\t'updatedAt',\n\t'cart'\n];\nawait request(app)\n\t.get(`/user/${userId}`)\n\t.set('Authorization', userToken)\n\t.then(response => {\n\t\texpect(response.status).to.equal(200);\n\t\texpect(response.header['content-type']).to.include(\n\t\t\t'application/json'\n\t\t);\n\t\texpect(response.body).to.include.keys(...expectedFields);\n\t});",
                  "err": {},
                  "uuid": "c9129103-fe9a-48f8-b89d-b15d3be17da8",
                  "parentUUID": "8bdd6fcd-dd6d-4e26-83d5-f1918e12afdf",
                  "isHook": false,
                  "skipped": false
                }
              ],
              "suites": [],
              "passes": [
                "c9129103-fe9a-48f8-b89d-b15d3be17da8"
              ],
              "failures": [],
              "pending": [],
              "skipped": [],
              "duration": 5,
              "root": false,
              "rootEmpty": false,
              "_timeout": 2000
            },
            {
              "uuid": "464117f0-7dc6-452b-878f-c813ffe6f879",
              "title": " POST \"/user/wishlist/\" Add product to user's wishlist ",
              "fullFile": "D:\\Historium Projects\\main branch\\api\\test\\user-test.js",
              "file": "\\test\\user-test.js",
              "beforeHooks": [],
              "afterHooks": [],
              "tests": [
                {
                  "title": " Should add product to wishlist ",
                  "fullTitle": "user system  POST \"/user/wishlist/\" Add product to user's wishlist   Should add product to wishlist ",
                  "timedOut": false,
                  "duration": 12,
                  "state": "passed",
                  "speed": "fast",
                  "pass": true,
                  "fail": false,
                  "pending": false,
                  "context": null,
                  "code": "//#region adding the necessary objects to the database\nconst productType = {\n\tname: 'Книга',\n\tkey: 'book'\n};\nconst productTypeId = (\n\tawait mongoose.connection\n\t\t.collection('producttypes')\n\t\t.insertOne(productType)\n).insertedId;\nconst section = {\n\tname: 'Фантастика',\n\tkey: 'fantastic',\n\tproducts: [],\n\tsections: []\n};\nconst sectionId = (\n\tawait mongoose.connection\n\t\t.collection('sections')\n\t\t.insertOne(section)\n).insertedId;\nconst product = {\n\tname: 'Збірка українських поезій',\n\ttype: productTypeId,\n\tprice: 99.99,\n\tquantity: 10,\n\tdescription:\n\t\t'\"Збірка українських поезій\" - поетичний скарб, що втілює красу та духовність української літератури.',\n\timages: ['image1.png'],\n\tsections: [sectionId],\n\tmodel: 'Book'\n};\nproductId = (\n\tawait mongoose.connection\n\t\t.collection('products')\n\t\t.insertOne(product)\n).insertedId;\n//#endregion\nconst requestBody = {\n\tproduct: productId\n};\nawait request(app)\n\t.post('/user/wishlist')\n\t.set('Authorization', userToken)\n\t.send(requestBody)\n\t.then(async response => {\n\t\texpect(response.status).to.equal(204);\n\t\tconst userWishlist = (\n\t\t\tawait mongoose.connection.collection('users').findOne()\n\t\t).wishlist;\n\t\texpect(\n\t\t\tuserWishlist.map(obj => obj.toString())\n\t\t).to.be.include(productId.toString());\n\t});",
                  "err": {},
                  "uuid": "29724bea-2236-43b4-bb19-957a818b8a56",
                  "parentUUID": "464117f0-7dc6-452b-878f-c813ffe6f879",
                  "isHook": false,
                  "skipped": false
                }
              ],
              "suites": [],
              "passes": [
                "29724bea-2236-43b4-bb19-957a818b8a56"
              ],
              "failures": [],
              "pending": [],
              "skipped": [],
              "duration": 12,
              "root": false,
              "rootEmpty": false,
              "_timeout": 2000
            },
            {
              "uuid": "96921d7d-00ba-48a7-9ce5-80d739dc9e0a",
              "title": " DELETE \"/user/wishlist/\" Remove product from user's wishlist ",
              "fullFile": "D:\\Historium Projects\\main branch\\api\\test\\user-test.js",
              "file": "\\test\\user-test.js",
              "beforeHooks": [],
              "afterHooks": [],
              "tests": [
                {
                  "title": " Must remove product from wishlist ",
                  "fullTitle": "user system  DELETE \"/user/wishlist/\" Remove product from user's wishlist   Must remove product from wishlist ",
                  "timedOut": false,
                  "duration": 8,
                  "state": "passed",
                  "speed": "fast",
                  "pass": true,
                  "fail": false,
                  "pending": false,
                  "context": null,
                  "code": "const requestBody = {\n\tproduct: productId\n};\nawait request(app)\n\t.delete('/user/wishlist/')\n\t.set('Authorization', userToken)\n\t.send(requestBody)\n\t.then(async response => {\n\t\texpect(response.status).to.equal(204);\n\t\tconst userWishlist = (\n\t\t\tawait mongoose.connection.collection('users').findOne()\n\t\t).wishlist;\n\t\texpect(userWishlist).to.be.empty;\n\t});",
                  "err": {},
                  "uuid": "c391852b-a6f1-4aa6-b336-fd3f0ef05450",
                  "parentUUID": "96921d7d-00ba-48a7-9ce5-80d739dc9e0a",
                  "isHook": false,
                  "skipped": false
                }
              ],
              "suites": [],
              "passes": [
                "c391852b-a6f1-4aa6-b336-fd3f0ef05450"
              ],
              "failures": [],
              "pending": [],
              "skipped": [],
              "duration": 8,
              "root": false,
              "rootEmpty": false,
              "_timeout": 2000
            },
            {
              "uuid": "ba6f4134-71e5-409b-973a-6e8d1b7c4548",
              "title": " GET \"/user/orders/\" Get all orders made by user ",
              "fullFile": "D:\\Historium Projects\\main branch\\api\\test\\user-test.js",
              "file": "\\test\\user-test.js",
              "beforeHooks": [],
              "afterHooks": [],
              "tests": [
                {
                  "title": " Should return an array of orders ",
                  "fullTitle": "user system  GET \"/user/orders/\" Get all orders made by user   Should return an array of orders ",
                  "timedOut": false,
                  "duration": 7,
                  "state": "passed",
                  "speed": "fast",
                  "pass": true,
                  "fail": false,
                  "pending": false,
                  "context": null,
                  "code": "await request(app)\n\t.get(`/user/orders/`)\n\t.set('Authorization', userToken)\n\t.then(response => {\n\t\texpect(response.status).to.equal(200);\n\t\texpect(response.header['content-type']).to.include(\n\t\t\t'application/json'\n\t\t);\n\t\texpect(response.body).to.be.an('array');\n\t});",
                  "err": {},
                  "uuid": "26b064e2-a7db-4987-b5f1-86346eaa1c25",
                  "parentUUID": "ba6f4134-71e5-409b-973a-6e8d1b7c4548",
                  "isHook": false,
                  "skipped": false
                }
              ],
              "suites": [],
              "passes": [
                "26b064e2-a7db-4987-b5f1-86346eaa1c25"
              ],
              "failures": [],
              "pending": [],
              "skipped": [],
              "duration": 7,
              "root": false,
              "rootEmpty": false,
              "_timeout": 2000
            }
          ],
          "passes": [],
          "failures": [],
          "pending": [],
          "skipped": [],
          "duration": 0,
          "root": false,
          "rootEmpty": false,
          "_timeout": 2000
        }
      ],
      "passes": [],
      "failures": [],
      "pending": [],
      "skipped": [],
      "duration": 0,
      "root": true,
      "rootEmpty": true,
      "_timeout": 2000
    }
  ],
  "meta": {
    "mocha": {
      "version": "10.2.0"
    },
    "mochawesome": {
      "options": {
        "quiet": false,
        "reportFilename": "mochawesome",
        "saveHtml": true,
        "saveJson": true,
        "consoleReporter": "spec",
        "useInlineDiffs": false,
        "code": true
      },
      "version": "7.1.3"
    },
    "marge": {
      "options": null,
      "version": "6.2.0"
    }
  }
}